<?xml version="1.0" encoding="UTF-8"?>
<testsuites name="CHS_Record and Playback_Mode_001" time="174.339" tests="5" failures="0" errors="0">
   <testsuite name="CHS_Record and Playback_Mode_001" tests="5" failures="0" errors="0" time="174.339" skipped="0" timestamp="25-01-2024T21:44:10" hostname="modep - LAPTOP-FMBJHFG0" id="Test Suites/Record and Playback_Suite/CHS_Record and Playback_Mode_001">
      <properties>
         <property name="deviceName" value=""/>
         <property name="devicePlatform" value=""/>
         <property name="logFolder" value="C:\\Users\\modep\\Katalon Studio\\Software Automation Testing with Katalon_1\\Reports\\20240125_214348\\Record and Playback_Suite\\CHS_Record and Playback_Mode_001\\20240125_214348"/>
         <property name="logFiles" value="C:\\Users\\modep\\Katalon Studio\\Software Automation Testing with Katalon_1\\Reports\\20240125_214348\\Record and Playback_Suite\\CHS_Record and Playback_Mode_001\\20240125_214348\\execution0.log"/>
         <property name="attachments" value=""/>
         <property name="hostName" value="modep - LAPTOP-FMBJHFG0"/>
         <property name="os" value="Windows 11 64bit"/>
         <property name="katalonVersion" value="9.2.0.212"/>
         <property name="browser" value="Chrome 120.0.0.0"/>
         <property name="hostAddress" value="192.168.0.105"/>
         <property name="sessionId" value="813c54dfd4ca5d2a024efc3b47f5a761"/>
         <property name="seleniumVersion" value="3.141.59"/>
         <property name="proxyInformation" value="ProxyInformation { proxyOption=NO_PROXY, proxyServerType=HTTP, username=, password=********, proxyServerAddress=, proxyServerPort=0, executionList=&quot;&quot;, isApplyToDesiredCapabilities=true }"/>
         <property name="platform" value="Windows 11"/>
      </properties>
      <testcase name="Test Cases/Cura Health Care Services_Record and Playback Modes/TC_CHS_Home_Validate Creating Account_001" time="27.0" classname="Test Cases/Cura Health Care Services_Record and Playback Modes/TC_CHS_Home_Validate Creating Account_001" status="PASSED">
         <system-out><![CDATA[25-01-2024T21:44:11 - [TEST_CASE][PASSED] - Test Cases/Cura Health Care Services_Record and Playback Modes/TC_CHS_Home_Validate Creating Account_001: Test Cases/Cura Health Care Services_Record and Playback Modes/TC_CHS_Home_Validate Creating Account_001

25-01-2024T21:44:11 - [TEST_STEP][PASSED] - openBrowser(""): Browser is opened with url: ''

25-01-2024T21:44:11 - [MESSAGE][INFO] - Starting 'Chrome' driver

25-01-2024T21:44:12 - [MESSAGE][INFO] - Action delay is set to 0 milliseconds

25-01-2024T21:44:26 - [MESSAGE][PASSED] - Browser is opened with url: ''

25-01-2024T21:44:26 - [TEST_STEP][PASSED] - navigateToUrl("https://katalon-demo-cura.herokuapp.com/"): Navigate to 'https://katalon-demo-cura.herokuapp.com/' successfully

25-01-2024T21:44:33 - [MESSAGE][PASSED] - Navigate to 'https://katalon-demo-cura.herokuapp.com/' successfully

25-01-2024T21:44:33 - [TEST_STEP][PASSED] - click(findTestObject("Object Repository/CHS_Pages_Create Account_OR/Page_CURA Healthcare Service/i_fa fa-bars")): Object: 'Object Repository/CHS_Pages_Create Account_OR/Page_CURA Healthcare Service/i_fa fa-bars' is clicked on

25-01-2024T21:44:34 - [MESSAGE][PASSED] - Object: 'Object Repository/CHS_Pages_Create Account_OR/Page_CURA Healthcare Service/i_fa fa-bars' is clicked on

25-01-2024T21:44:34 - [TEST_STEP][PASSED] - click(findTestObject("Object Repository/CHS_Pages_Create Account_OR/Page_CURA Healthcare Service/a_Login")): Object: 'Object Repository/CHS_Pages_Create Account_OR/Page_CURA Healthcare Service/a_Login' is clicked on

25-01-2024T21:44:35 - [MESSAGE][PASSED] - Object: 'Object Repository/CHS_Pages_Create Account_OR/Page_CURA Healthcare Service/a_Login' is clicked on

25-01-2024T21:44:35 - [TEST_STEP][PASSED] - click(findTestObject("Object Repository/CHS_Pages_Create Account_OR/Page_CURA Healthcare Service/input_form-control")): Object: 'Object Repository/CHS_Pages_Create Account_OR/Page_CURA Healthcare Service/input_form-control' is clicked on

25-01-2024T21:44:35 - [MESSAGE][PASSED] - Object: 'Object Repository/CHS_Pages_Create Account_OR/Page_CURA Healthcare Service/input_form-control' is clicked on

25-01-2024T21:44:35 - [TEST_STEP][PASSED] - setText(findTestObject("Object Repository/CHS_Pages_Create Account_OR/Page_CURA Healthcare Service/input_username"), "John Doe"): Text 'John Doe' is set on object 'Object Repository/CHS_Pages_Create Account_OR/Page_CURA Healthcare Service/input_username'

25-01-2024T21:44:36 - [MESSAGE][PASSED] - Text 'John Doe' is set on object 'Object Repository/CHS_Pages_Create Account_OR/Page_CURA Healthcare Service/input_username'

25-01-2024T21:44:36 - [TEST_STEP][PASSED] - setEncryptedText(findTestObject("Object Repository/CHS_Pages_Create Account_OR/Page_CURA Healthcare Service/input_password"), "g3/DOGG74jC3Flrr3yH+3D/yKbOqqUNM"): Text ****** has been set on object 'Object Repository/CHS_Pages_Create Account_OR/Page_CURA Healthcare Service/input_password'

25-01-2024T21:44:36 - [MESSAGE][PASSED] - Text ****** has been set on object 'Object Repository/CHS_Pages_Create Account_OR/Page_CURA Healthcare Service/input_password'

25-01-2024T21:44:36 - [TEST_STEP][PASSED] - click(findTestObject("Object Repository/CHS_Pages_Create Account_OR/Page_CURA Healthcare Service/button_Login")): Object: 'Object Repository/CHS_Pages_Create Account_OR/Page_CURA Healthcare Service/button_Login' is clicked on

25-01-2024T21:44:38 - [MESSAGE][PASSED] - Object: 'Object Repository/CHS_Pages_Create Account_OR/Page_CURA Healthcare Service/button_Login' is clicked on]]></system-out>
         <system-err><![CDATA[]]></system-err>
      </testcase>
      <testcase name="Test Cases/Cura Health Care Services_Record and Playback Modes/TC_CHS_HOME_Validate Take an Appointment_002" time="26.904" classname="Test Cases/Cura Health Care Services_Record and Playback Modes/TC_CHS_HOME_Validate Take an Appointment_002" status="PASSED">
         <system-out><![CDATA[25-01-2024T21:44:38 - [TEST_CASE][PASSED] - Test Cases/Cura Health Care Services_Record and Playback Modes/TC_CHS_HOME_Validate Take an Appointment_002: Test Cases/Cura Health Care Services_Record and Playback Modes/TC_CHS_HOME_Validate Take an Appointment_002

25-01-2024T21:44:38 - [TEST_STEP][PASSED] - openBrowser(""): Browser is opened with url: ''

25-01-2024T21:44:38 - [MESSAGE][WARNING] - A browser is already opened. Closing browser and opening a new one

25-01-2024T21:44:42 - [MESSAGE][INFO] - Starting 'Chrome' driver

25-01-2024T21:44:42 - [MESSAGE][INFO] - Action delay is set to 0 milliseconds

25-01-2024T21:44:45 - [MESSAGE][PASSED] - Browser is opened with url: ''

25-01-2024T21:44:45 - [TEST_STEP][PASSED] - navigateToUrl("https://katalon-demo-cura.herokuapp.com/"): Navigate to 'https://katalon-demo-cura.herokuapp.com/' successfully

25-01-2024T21:44:56 - [MESSAGE][PASSED] - Navigate to 'https://katalon-demo-cura.herokuapp.com/' successfully

25-01-2024T21:44:56 - [TEST_STEP][PASSED] - click(findTestObject("Object Repository/CHS_Pages_Take Appointment_OR/i_fa fa-bars")): Object: 'Object Repository/CHS_Pages_Take Appointment_OR/i_fa fa-bars' is clicked on

25-01-2024T21:44:56 - [MESSAGE][PASSED] - Object: 'Object Repository/CHS_Pages_Take Appointment_OR/i_fa fa-bars' is clicked on

25-01-2024T21:44:56 - [TEST_STEP][PASSED] - click(findTestObject("Object Repository/CHS_Pages_Take Appointment_OR/a_Login")): Object: 'Object Repository/CHS_Pages_Take Appointment_OR/a_Login' is clicked on

25-01-2024T21:44:57 - [MESSAGE][PASSED] - Object: 'Object Repository/CHS_Pages_Take Appointment_OR/a_Login' is clicked on

25-01-2024T21:44:57 - [TEST_STEP][PASSED] - click(findTestObject("Object Repository/CHS_Pages_Take Appointment_OR/input_form-control")): Object: 'Object Repository/CHS_Pages_Take Appointment_OR/input_form-control' is clicked on

25-01-2024T21:44:58 - [MESSAGE][PASSED] - Object: 'Object Repository/CHS_Pages_Take Appointment_OR/input_form-control' is clicked on

25-01-2024T21:44:58 - [TEST_STEP][PASSED] - setText(findTestObject("Object Repository/CHS_Pages_Take Appointment_OR/input_username"), "John Doe"): Text 'John Doe' is set on object 'Object Repository/CHS_Pages_Take Appointment_OR/input_username'

25-01-2024T21:44:58 - [MESSAGE][PASSED] - Text 'John Doe' is set on object 'Object Repository/CHS_Pages_Take Appointment_OR/input_username'

25-01-2024T21:44:59 - [TEST_STEP][PASSED] - setEncryptedText(findTestObject("Object Repository/CHS_Pages_Take Appointment_OR/input_password"), "g3/DOGG74jC3Flrr3yH+3D/yKbOqqUNM"): Text ****** has been set on object 'Object Repository/CHS_Pages_Take Appointment_OR/input_password'

25-01-2024T21:44:59 - [MESSAGE][PASSED] - Text ****** has been set on object 'Object Repository/CHS_Pages_Take Appointment_OR/input_password'

25-01-2024T21:44:59 - [TEST_STEP][PASSED] - click(findTestObject("Object Repository/CHS_Pages_Take Appointment_OR/button_Login")): Object: 'Object Repository/CHS_Pages_Take Appointment_OR/button_Login' is clicked on

25-01-2024T21:45:01 - [MESSAGE][PASSED] - Object: 'Object Repository/CHS_Pages_Take Appointment_OR/button_Login' is clicked on

25-01-2024T21:45:01 - [TEST_STEP][PASSED] - selectOptionByValue(findTestObject("Object Repository/CHS_Pages_Take Appointment_OR/select_Tokyo CURA Healthcare Center        _5b4107"), "Seoul CURA Healthcare Center", true): All options with value 'Seoul CURA Healthcare Center' are selected in object 'Object Repository/CHS_Pages_Take Appointment_OR/select_Tokyo CURA Healthcare Center        _5b4107'  using regular expression

25-01-2024T21:45:02 - [MESSAGE][PASSED] - All options with value 'Seoul CURA Healthcare Center' are selected in object 'Object Repository/CHS_Pages_Take Appointment_OR/select_Tokyo CURA Healthcare Center        _5b4107'  using regular expression

25-01-2024T21:45:02 - [TEST_STEP][PASSED] - click(findTestObject("Object Repository/CHS_Pages_Take Appointment_OR/label_Medicaid")): Object: 'Object Repository/CHS_Pages_Take Appointment_OR/label_Medicaid' is clicked on

25-01-2024T21:45:02 - [MESSAGE][PASSED] - Object: 'Object Repository/CHS_Pages_Take Appointment_OR/label_Medicaid' is clicked on

25-01-2024T21:45:02 - [TEST_STEP][PASSED] - click(findTestObject("Object Repository/CHS_Pages_Take Appointment_OR/span_glyphicon glyphicon-calendar")): Object: 'Object Repository/CHS_Pages_Take Appointment_OR/span_glyphicon glyphicon-calendar' is clicked on

25-01-2024T21:45:02 - [MESSAGE][PASSED] - Object: 'Object Repository/CHS_Pages_Take Appointment_OR/span_glyphicon glyphicon-calendar' is clicked on

25-01-2024T21:45:02 - [TEST_STEP][PASSED] - click(findTestObject("Object Repository/CHS_Pages_Take Appointment_OR/td_31")): Object: 'Object Repository/CHS_Pages_Take Appointment_OR/td_31' is clicked on

25-01-2024T21:45:03 - [MESSAGE][PASSED] - Object: 'Object Repository/CHS_Pages_Take Appointment_OR/td_31' is clicked on

25-01-2024T21:45:03 - [TEST_STEP][PASSED] - setText(findTestObject("Object Repository/CHS_Pages_Take Appointment_OR/textarea_comment"), "Make an Appointment"): Text 'Make an Appointment' is set on object 'Object Repository/CHS_Pages_Take Appointment_OR/textarea_comment'

25-01-2024T21:45:04 - [MESSAGE][PASSED] - Text 'Make an Appointment' is set on object 'Object Repository/CHS_Pages_Take Appointment_OR/textarea_comment'

25-01-2024T21:45:04 - [TEST_STEP][PASSED] - click(findTestObject("Object Repository/CHS_Pages_Take Appointment_OR/button_Book Appointment")): Object: 'Object Repository/CHS_Pages_Take Appointment_OR/button_Book Appointment' is clicked on

25-01-2024T21:45:04 - [MESSAGE][PASSED] - Object: 'Object Repository/CHS_Pages_Take Appointment_OR/button_Book Appointment' is clicked on]]></system-out>
         <system-err><![CDATA[]]></system-err>
      </testcase>
      <testcase name="Test Cases/Cura Health Care Services_Record and Playback Modes/TC_CHS_HomeValidate Multiple Appointsments_003" time="46.833" classname="Test Cases/Cura Health Care Services_Record and Playback Modes/TC_CHS_HomeValidate Multiple Appointsments_003" status="PASSED">
         <system-out><![CDATA[25-01-2024T21:45:04 - [TEST_CASE][PASSED] - Test Cases/Cura Health Care Services_Record and Playback Modes/TC_CHS_HomeValidate Multiple Appointsments_003: Test Cases/Cura Health Care Services_Record and Playback Modes/TC_CHS_HomeValidate Multiple Appointsments_003

25-01-2024T21:45:05 - [TEST_STEP][PASSED] - openBrowser(""): Browser is opened with url: ''

25-01-2024T21:45:05 - [MESSAGE][WARNING] - A browser is already opened. Closing browser and opening a new one

25-01-2024T21:45:08 - [MESSAGE][INFO] - Starting 'Chrome' driver

25-01-2024T21:45:08 - [MESSAGE][INFO] - Action delay is set to 0 milliseconds

25-01-2024T21:45:12 - [MESSAGE][PASSED] - Browser is opened with url: ''

25-01-2024T21:45:12 - [TEST_STEP][PASSED] - navigateToUrl("https://katalon-demo-cura.herokuapp.com/"): Navigate to 'https://katalon-demo-cura.herokuapp.com/' successfully

25-01-2024T21:45:24 - [MESSAGE][PASSED] - Navigate to 'https://katalon-demo-cura.herokuapp.com/' successfully

25-01-2024T21:45:24 - [TEST_STEP][PASSED] - click(findTestObject("Object Repository/CHS_Pages_Multiple Appointments/Page_CURA Healthcare Service/i_fa fa-bars")): Object: 'Object Repository/CHS_Pages_Multiple Appointments/Page_CURA Healthcare Service/i_fa fa-bars' is clicked on

25-01-2024T21:45:25 - [MESSAGE][PASSED] - Object: 'Object Repository/CHS_Pages_Multiple Appointments/Page_CURA Healthcare Service/i_fa fa-bars' is clicked on

25-01-2024T21:45:25 - [TEST_STEP][PASSED] - click(findTestObject("Object Repository/CHS_Pages_Multiple Appointments/Page_CURA Healthcare Service/a_Login")): Object: 'Object Repository/CHS_Pages_Multiple Appointments/Page_CURA Healthcare Service/a_Login' is clicked on

25-01-2024T21:45:26 - [MESSAGE][PASSED] - Object: 'Object Repository/CHS_Pages_Multiple Appointments/Page_CURA Healthcare Service/a_Login' is clicked on

25-01-2024T21:45:26 - [TEST_STEP][PASSED] - click(findTestObject("Object Repository/CHS_Pages_Multiple Appointments/Page_CURA Healthcare Service/input_form-control")): Object: 'Object Repository/CHS_Pages_Multiple Appointments/Page_CURA Healthcare Service/input_form-control' is clicked on

25-01-2024T21:45:27 - [MESSAGE][PASSED] - Object: 'Object Repository/CHS_Pages_Multiple Appointments/Page_CURA Healthcare Service/input_form-control' is clicked on

25-01-2024T21:45:27 - [TEST_STEP][PASSED] - setText(findTestObject("Object Repository/CHS_Pages_Multiple Appointments/Page_CURA Healthcare Service/input_username"), "John Doe"): Text 'John Doe' is set on object 'Object Repository/CHS_Pages_Multiple Appointments/Page_CURA Healthcare Service/input_username'

25-01-2024T21:45:28 - [MESSAGE][PASSED] - Text 'John Doe' is set on object 'Object Repository/CHS_Pages_Multiple Appointments/Page_CURA Healthcare Service/input_username'

25-01-2024T21:45:28 - [TEST_STEP][PASSED] - click(findTestObject("Object Repository/CHS_Pages_Multiple Appointments/Page_CURA Healthcare Service/input_form-control_1")): Object: 'Object Repository/CHS_Pages_Multiple Appointments/Page_CURA Healthcare Service/input_form-control_1' is clicked on

25-01-2024T21:45:28 - [MESSAGE][PASSED] - Object: 'Object Repository/CHS_Pages_Multiple Appointments/Page_CURA Healthcare Service/input_form-control_1' is clicked on

25-01-2024T21:45:28 - [TEST_STEP][PASSED] - setEncryptedText(findTestObject("Object Repository/CHS_Pages_Multiple Appointments/Page_CURA Healthcare Service/input_password"), "g3/DOGG74jC3Flrr3yH+3D/yKbOqqUNM"): Text ****** has been set on object 'Object Repository/CHS_Pages_Multiple Appointments/Page_CURA Healthcare Service/input_password'

25-01-2024T21:45:28 - [MESSAGE][PASSED] - Text ****** has been set on object 'Object Repository/CHS_Pages_Multiple Appointments/Page_CURA Healthcare Service/input_password'

25-01-2024T21:45:28 - [TEST_STEP][PASSED] - click(findTestObject("Object Repository/CHS_Pages_Multiple Appointments/Page_CURA Healthcare Service/button_Login")): Object: 'Object Repository/CHS_Pages_Multiple Appointments/Page_CURA Healthcare Service/button_Login' is clicked on

25-01-2024T21:45:30 - [MESSAGE][PASSED] - Object: 'Object Repository/CHS_Pages_Multiple Appointments/Page_CURA Healthcare Service/button_Login' is clicked on

25-01-2024T21:45:30 - [TEST_STEP][PASSED] - selectOptionByValue(findTestObject("Object Repository/CHS_Pages_Multiple Appointments/Page_CURA Healthcare Service/select_Tokyo CURA Healthcare Center        _5b4107"), "Hongkong CURA Healthcare Center", true): All options with value 'Hongkong CURA Healthcare Center' are selected in object 'Object Repository/CHS_Pages_Multiple Appointments/Page_CURA Healthcare Service/select_Tokyo CURA Healthcare Center        _5b4107'  using regular expression

25-01-2024T21:45:32 - [MESSAGE][PASSED] - All options with value 'Hongkong CURA Healthcare Center' are selected in object 'Object Repository/CHS_Pages_Multiple Appointments/Page_CURA Healthcare Service/select_Tokyo CURA Healthcare Center        _5b4107'  using regular expression

25-01-2024T21:45:32 - [TEST_STEP][PASSED] - click(findTestObject("Object Repository/CHS_Pages_Multiple Appointments/Page_CURA Healthcare Service/label_Apply for hospital readmission")): Object: 'Object Repository/CHS_Pages_Multiple Appointments/Page_CURA Healthcare Service/label_Apply for hospital readmission' is clicked on

25-01-2024T21:45:33 - [MESSAGE][PASSED] - Object: 'Object Repository/CHS_Pages_Multiple Appointments/Page_CURA Healthcare Service/label_Apply for hospital readmission' is clicked on

25-01-2024T21:45:33 - [TEST_STEP][PASSED] - click(findTestObject("Object Repository/CHS_Pages_Multiple Appointments/Page_CURA Healthcare Service/label_Medicaid")): Object: 'Object Repository/CHS_Pages_Multiple Appointments/Page_CURA Healthcare Service/label_Medicaid' is clicked on

25-01-2024T21:45:33 - [MESSAGE][PASSED] - Object: 'Object Repository/CHS_Pages_Multiple Appointments/Page_CURA Healthcare Service/label_Medicaid' is clicked on

25-01-2024T21:45:33 - [TEST_STEP][PASSED] - click(findTestObject("Object Repository/CHS_Pages_Multiple Appointments/Page_CURA Healthcare Service/input_visit_date")): Object: 'Object Repository/CHS_Pages_Multiple Appointments/Page_CURA Healthcare Service/input_visit_date' is clicked on

25-01-2024T21:45:34 - [MESSAGE][PASSED] - Object: 'Object Repository/CHS_Pages_Multiple Appointments/Page_CURA Healthcare Service/input_visit_date' is clicked on

25-01-2024T21:45:34 - [TEST_STEP][PASSED] - click(findTestObject("Object Repository/CHS_Pages_Multiple Appointments/Page_CURA Healthcare Service/td_24")): Object: 'Object Repository/CHS_Pages_Multiple Appointments/Page_CURA Healthcare Service/td_24' is clicked on

25-01-2024T21:45:34 - [MESSAGE][PASSED] - Object: 'Object Repository/CHS_Pages_Multiple Appointments/Page_CURA Healthcare Service/td_24' is clicked on

25-01-2024T21:45:34 - [TEST_STEP][PASSED] - setText(findTestObject("Object Repository/CHS_Pages_Multiple Appointments/Page_CURA Healthcare Service/textarea_comment"), "Take an Appointment"): Text 'Take an Appointment' is set on object 'Object Repository/CHS_Pages_Multiple Appointments/Page_CURA Healthcare Service/textarea_comment'

25-01-2024T21:45:35 - [MESSAGE][PASSED] - Text 'Take an Appointment' is set on object 'Object Repository/CHS_Pages_Multiple Appointments/Page_CURA Healthcare Service/textarea_comment'

25-01-2024T21:45:35 - [TEST_STEP][PASSED] - click(findTestObject("Object Repository/CHS_Pages_Multiple Appointments/Page_CURA Healthcare Service/button_Book Appointment")): Object: 'Object Repository/CHS_Pages_Multiple Appointments/Page_CURA Healthcare Service/button_Book Appointment' is clicked on

25-01-2024T21:45:36 - [MESSAGE][PASSED] - Object: 'Object Repository/CHS_Pages_Multiple Appointments/Page_CURA Healthcare Service/button_Book Appointment' is clicked on

25-01-2024T21:45:36 - [TEST_STEP][PASSED] - click(findTestObject("Object Repository/CHS_Pages_Multiple Appointments/Page_CURA Healthcare Service/a_Go to Homepage")): Object: 'Object Repository/CHS_Pages_Multiple Appointments/Page_CURA Healthcare Service/a_Go to Homepage' is clicked on

25-01-2024T21:45:36 - [MESSAGE][PASSED] - Object: 'Object Repository/CHS_Pages_Multiple Appointments/Page_CURA Healthcare Service/a_Go to Homepage' is clicked on

25-01-2024T21:45:36 - [TEST_STEP][PASSED] - click(findTestObject("Object Repository/CHS_Pages_Multiple Appointments/Page_CURA Healthcare Service/a_Make Appointment")): Object: 'Object Repository/CHS_Pages_Multiple Appointments/Page_CURA Healthcare Service/a_Make Appointment' is clicked on

25-01-2024T21:45:38 - [MESSAGE][PASSED] - Object: 'Object Repository/CHS_Pages_Multiple Appointments/Page_CURA Healthcare Service/a_Make Appointment' is clicked on

25-01-2024T21:45:38 - [TEST_STEP][PASSED] - click(findTestObject("Object Repository/CHS_Pages_Multiple Appointments/Page_CURA Healthcare Service/label_Apply for hospital readmission")): Object: 'Object Repository/CHS_Pages_Multiple Appointments/Page_CURA Healthcare Service/label_Apply for hospital readmission' is clicked on

25-01-2024T21:45:38 - [MESSAGE][PASSED] - Object: 'Object Repository/CHS_Pages_Multiple Appointments/Page_CURA Healthcare Service/label_Apply for hospital readmission' is clicked on

25-01-2024T21:45:38 - [TEST_STEP][PASSED] - click(findTestObject("Object Repository/CHS_Pages_Multiple Appointments/Page_CURA Healthcare Service/input_programs")): Object: 'Object Repository/CHS_Pages_Multiple Appointments/Page_CURA Healthcare Service/input_programs' is clicked on

25-01-2024T21:45:39 - [MESSAGE][PASSED] - Object: 'Object Repository/CHS_Pages_Multiple Appointments/Page_CURA Healthcare Service/input_programs' is clicked on

25-01-2024T21:45:39 - [TEST_STEP][PASSED] - click(findTestObject("Object Repository/CHS_Pages_Multiple Appointments/Page_CURA Healthcare Service/label_Medicare")): Object: 'Object Repository/CHS_Pages_Multiple Appointments/Page_CURA Healthcare Service/label_Medicare' is clicked on

25-01-2024T21:45:40 - [MESSAGE][PASSED] - Object: 'Object Repository/CHS_Pages_Multiple Appointments/Page_CURA Healthcare Service/label_Medicare' is clicked on

25-01-2024T21:45:40 - [TEST_STEP][PASSED] - click(findTestObject("Object Repository/CHS_Pages_Multiple Appointments/Page_CURA Healthcare Service/input_visit_date")): Object: 'Object Repository/CHS_Pages_Multiple Appointments/Page_CURA Healthcare Service/input_visit_date' is clicked on

25-01-2024T21:45:40 - [MESSAGE][PASSED] - Object: 'Object Repository/CHS_Pages_Multiple Appointments/Page_CURA Healthcare Service/input_visit_date' is clicked on

25-01-2024T21:45:40 - [TEST_STEP][PASSED] - click(findTestObject("Object Repository/CHS_Pages_Multiple Appointments/Page_CURA Healthcare Service/td_25")): Object: 'Object Repository/CHS_Pages_Multiple Appointments/Page_CURA Healthcare Service/td_25' is clicked on

25-01-2024T21:45:41 - [MESSAGE][PASSED] - Object: 'Object Repository/CHS_Pages_Multiple Appointments/Page_CURA Healthcare Service/td_25' is clicked on

25-01-2024T21:45:41 - [TEST_STEP][PASSED] - setText(findTestObject("Object Repository/CHS_Pages_Multiple Appointments/Page_CURA Healthcare Service/textarea_comment"), "Take an 2nd Appointment"): Text 'Take an 2nd Appointment' is set on object 'Object Repository/CHS_Pages_Multiple Appointments/Page_CURA Healthcare Service/textarea_comment'

25-01-2024T21:45:42 - [MESSAGE][PASSED] - Text 'Take an 2nd Appointment' is set on object 'Object Repository/CHS_Pages_Multiple Appointments/Page_CURA Healthcare Service/textarea_comment'

25-01-2024T21:45:42 - [TEST_STEP][PASSED] - click(findTestObject("Object Repository/CHS_Pages_Multiple Appointments/Page_CURA Healthcare Service/button_Book Appointment")): Object: 'Object Repository/CHS_Pages_Multiple Appointments/Page_CURA Healthcare Service/button_Book Appointment' is clicked on

25-01-2024T21:45:42 - [MESSAGE][PASSED] - Object: 'Object Repository/CHS_Pages_Multiple Appointments/Page_CURA Healthcare Service/button_Book Appointment' is clicked on

25-01-2024T21:45:42 - [TEST_STEP][PASSED] - click(findTestObject("Object Repository/CHS_Pages_Multiple Appointments/Page_CURA Healthcare Service/a_Go to Homepage")): Object: 'Object Repository/CHS_Pages_Multiple Appointments/Page_CURA Healthcare Service/a_Go to Homepage' is clicked on

25-01-2024T21:45:43 - [MESSAGE][PASSED] - Object: 'Object Repository/CHS_Pages_Multiple Appointments/Page_CURA Healthcare Service/a_Go to Homepage' is clicked on

25-01-2024T21:45:43 - [TEST_STEP][PASSED] - click(findTestObject("Object Repository/CHS_Pages_Multiple Appointments/Page_CURA Healthcare Service/a_Make Appointment")): Object: 'Object Repository/CHS_Pages_Multiple Appointments/Page_CURA Healthcare Service/a_Make Appointment' is clicked on

25-01-2024T21:45:43 - [MESSAGE][PASSED] - Object: 'Object Repository/CHS_Pages_Multiple Appointments/Page_CURA Healthcare Service/a_Make Appointment' is clicked on

25-01-2024T21:45:43 - [TEST_STEP][PASSED] - selectOptionByValue(findTestObject("Object Repository/CHS_Pages_Multiple Appointments/Page_CURA Healthcare Service/select_Tokyo CURA Healthcare Center        _5b4107"), "Seoul CURA Healthcare Center", true): All options with value 'Seoul CURA Healthcare Center' are selected in object 'Object Repository/CHS_Pages_Multiple Appointments/Page_CURA Healthcare Service/select_Tokyo CURA Healthcare Center        _5b4107'  using regular expression

25-01-2024T21:45:44 - [MESSAGE][PASSED] - All options with value 'Seoul CURA Healthcare Center' are selected in object 'Object Repository/CHS_Pages_Multiple Appointments/Page_CURA Healthcare Service/select_Tokyo CURA Healthcare Center        _5b4107'  using regular expression

25-01-2024T21:45:44 - [TEST_STEP][PASSED] - click(findTestObject("Object Repository/CHS_Pages_Multiple Appointments/Page_CURA Healthcare Service/label_Apply for hospital readmission")): Object: 'Object Repository/CHS_Pages_Multiple Appointments/Page_CURA Healthcare Service/label_Apply for hospital readmission' is clicked on

25-01-2024T21:45:45 - [MESSAGE][PASSED] - Object: 'Object Repository/CHS_Pages_Multiple Appointments/Page_CURA Healthcare Service/label_Apply for hospital readmission' is clicked on

25-01-2024T21:45:45 - [TEST_STEP][PASSED] - click(findTestObject("Object Repository/CHS_Pages_Multiple Appointments/Page_CURA Healthcare Service/input_programs_1")): Object: 'Object Repository/CHS_Pages_Multiple Appointments/Page_CURA Healthcare Service/input_programs_1' is clicked on

25-01-2024T21:45:45 - [MESSAGE][PASSED] - Object: 'Object Repository/CHS_Pages_Multiple Appointments/Page_CURA Healthcare Service/input_programs_1' is clicked on

25-01-2024T21:45:45 - [TEST_STEP][PASSED] - click(findTestObject("Object Repository/CHS_Pages_Multiple Appointments/Page_CURA Healthcare Service/input_visit_date")): Object: 'Object Repository/CHS_Pages_Multiple Appointments/Page_CURA Healthcare Service/input_visit_date' is clicked on

25-01-2024T21:45:45 - [MESSAGE][PASSED] - Object: 'Object Repository/CHS_Pages_Multiple Appointments/Page_CURA Healthcare Service/input_visit_date' is clicked on

25-01-2024T21:45:45 - [TEST_STEP][PASSED] - click(findTestObject("Object Repository/CHS_Pages_Multiple Appointments/Page_CURA Healthcare Service/td_31")): Object: 'Object Repository/CHS_Pages_Multiple Appointments/Page_CURA Healthcare Service/td_31' is clicked on

25-01-2024T21:45:46 - [MESSAGE][PASSED] - Object: 'Object Repository/CHS_Pages_Multiple Appointments/Page_CURA Healthcare Service/td_31' is clicked on

25-01-2024T21:45:46 - [TEST_STEP][PASSED] - setText(findTestObject("Object Repository/CHS_Pages_Multiple Appointments/Page_CURA Healthcare Service/textarea_comment"), "Take Multiple Appointments"): Text 'Take Multiple Appointments' is set on object 'Object Repository/CHS_Pages_Multiple Appointments/Page_CURA Healthcare Service/textarea_comment'

25-01-2024T21:45:47 - [MESSAGE][PASSED] - Text 'Take Multiple Appointments' is set on object 'Object Repository/CHS_Pages_Multiple Appointments/Page_CURA Healthcare Service/textarea_comment'

25-01-2024T21:45:47 - [TEST_STEP][PASSED] - click(findTestObject("Object Repository/CHS_Pages_Multiple Appointments/Page_CURA Healthcare Service/button_Book Appointment")): Object: 'Object Repository/CHS_Pages_Multiple Appointments/Page_CURA Healthcare Service/button_Book Appointment' is clicked on

25-01-2024T21:45:48 - [MESSAGE][PASSED] - Object: 'Object Repository/CHS_Pages_Multiple Appointments/Page_CURA Healthcare Service/button_Book Appointment' is clicked on

25-01-2024T21:45:48 - [TEST_STEP][PASSED] - click(findTestObject("Object Repository/CHS_Pages_Multiple Appointments/Page_CURA Healthcare Service/amenu-toggle")): Object: 'Object Repository/CHS_Pages_Multiple Appointments/Page_CURA Healthcare Service/amenu-toggle' is clicked on

25-01-2024T21:45:49 - [MESSAGE][PASSED] - Object: 'Object Repository/CHS_Pages_Multiple Appointments/Page_CURA Healthcare Service/amenu-toggle' is clicked on

25-01-2024T21:45:49 - [TEST_STEP][PASSED] - click(findTestObject("Object Repository/CHS_Pages_Multiple Appointments/Page_CURA Healthcare Service/a_History")): Object: 'Object Repository/CHS_Pages_Multiple Appointments/Page_CURA Healthcare Service/a_History' is clicked on

25-01-2024T21:45:51 - [MESSAGE][PASSED] - Object: 'Object Repository/CHS_Pages_Multiple Appointments/Page_CURA Healthcare Service/a_History' is clicked on]]></system-out>
         <system-err><![CDATA[]]></system-err>
      </testcase>
      <testcase name="Test Cases/Cura Health Care Services_Record and Playback Modes/TC_CHS_Home_Validate Checking the Appointment is Booked or Not_004" time="30.159" classname="Test Cases/Cura Health Care Services_Record and Playback Modes/TC_CHS_Home_Validate Checking the Appointment is Booked or Not_004" status="PASSED">
         <system-out><![CDATA[25-01-2024T21:45:51 - [TEST_CASE][PASSED] - Test Cases/Cura Health Care Services_Record and Playback Modes/TC_CHS_Home_Validate Checking the Appointment is Booked or Not_004: Test Cases/Cura Health Care Services_Record and Playback Modes/TC_CHS_Home_Validate Checking the Appointment is Booked or Not_004

25-01-2024T21:45:51 - [TEST_STEP][PASSED] - openBrowser(""): Browser is opened with url: ''

25-01-2024T21:45:51 - [MESSAGE][WARNING] - A browser is already opened. Closing browser and opening a new one

25-01-2024T21:45:55 - [MESSAGE][INFO] - Starting 'Chrome' driver

25-01-2024T21:45:55 - [MESSAGE][INFO] - Action delay is set to 0 milliseconds

25-01-2024T21:45:59 - [MESSAGE][PASSED] - Browser is opened with url: ''

25-01-2024T21:45:59 - [TEST_STEP][PASSED] - navigateToUrl("https://katalon-demo-cura.herokuapp.com/"): Navigate to 'https://katalon-demo-cura.herokuapp.com/' successfully

25-01-2024T21:46:09 - [MESSAGE][PASSED] - Navigate to 'https://katalon-demo-cura.herokuapp.com/' successfully

25-01-2024T21:46:09 - [TEST_STEP][PASSED] - click(findTestObject("Object Repository/CHS_Pages_Checking Appointment is booked or Not_OR/Page_CURA Healthcare Service/i_fa fa-bars")): Object: 'Object Repository/CHS_Pages_Checking Appointment is booked or Not_OR/Page_CURA Healthcare Service/i_fa fa-bars' is clicked on

25-01-2024T21:46:09 - [MESSAGE][PASSED] - Object: 'Object Repository/CHS_Pages_Checking Appointment is booked or Not_OR/Page_CURA Healthcare Service/i_fa fa-bars' is clicked on

25-01-2024T21:46:09 - [TEST_STEP][PASSED] - click(findTestObject("Object Repository/CHS_Pages_Checking Appointment is booked or Not_OR/Page_CURA Healthcare Service/a_Login")): Object: 'Object Repository/CHS_Pages_Checking Appointment is booked or Not_OR/Page_CURA Healthcare Service/a_Login' is clicked on

25-01-2024T21:46:10 - [MESSAGE][PASSED] - Object: 'Object Repository/CHS_Pages_Checking Appointment is booked or Not_OR/Page_CURA Healthcare Service/a_Login' is clicked on

25-01-2024T21:46:10 - [TEST_STEP][PASSED] - click(findTestObject("Object Repository/CHS_Pages_Checking Appointment is booked or Not_OR/Page_CURA Healthcare Service/input_form-control")): Object: 'Object Repository/CHS_Pages_Checking Appointment is booked or Not_OR/Page_CURA Healthcare Service/input_form-control' is clicked on

25-01-2024T21:46:11 - [MESSAGE][PASSED] - Object: 'Object Repository/CHS_Pages_Checking Appointment is booked or Not_OR/Page_CURA Healthcare Service/input_form-control' is clicked on

25-01-2024T21:46:11 - [TEST_STEP][PASSED] - click(findTestObject("Object Repository/CHS_Pages_Checking Appointment is booked or Not_OR/Page_CURA Healthcare Service/input_form-control")): Object: 'Object Repository/CHS_Pages_Checking Appointment is booked or Not_OR/Page_CURA Healthcare Service/input_form-control' is clicked on

25-01-2024T21:46:12 - [MESSAGE][PASSED] - Object: 'Object Repository/CHS_Pages_Checking Appointment is booked or Not_OR/Page_CURA Healthcare Service/input_form-control' is clicked on

25-01-2024T21:46:12 - [TEST_STEP][PASSED] - setText(findTestObject("Object Repository/CHS_Pages_Checking Appointment is booked or Not_OR/Page_CURA Healthcare Service/input_username"), "John Doe"): Text 'John Doe' is set on object 'Object Repository/CHS_Pages_Checking Appointment is booked or Not_OR/Page_CURA Healthcare Service/input_username'

25-01-2024T21:46:12 - [MESSAGE][PASSED] - Text 'John Doe' is set on object 'Object Repository/CHS_Pages_Checking Appointment is booked or Not_OR/Page_CURA Healthcare Service/input_username'

25-01-2024T21:46:12 - [TEST_STEP][PASSED] - setEncryptedText(findTestObject("Object Repository/CHS_Pages_Checking Appointment is booked or Not_OR/Page_CURA Healthcare Service/input_password"), "g3/DOGG74jC3Flrr3yH+3D/yKbOqqUNM"): Text ****** has been set on object 'Object Repository/CHS_Pages_Checking Appointment is booked or Not_OR/Page_CURA Healthcare Service/input_password'

25-01-2024T21:46:13 - [MESSAGE][PASSED] - Text ****** has been set on object 'Object Repository/CHS_Pages_Checking Appointment is booked or Not_OR/Page_CURA Healthcare Service/input_password'

25-01-2024T21:46:13 - [TEST_STEP][PASSED] - click(findTestObject("Object Repository/CHS_Pages_Checking Appointment is booked or Not_OR/Page_CURA Healthcare Service/button_Login")): Object: 'Object Repository/CHS_Pages_Checking Appointment is booked or Not_OR/Page_CURA Healthcare Service/button_Login' is clicked on

25-01-2024T21:46:15 - [MESSAGE][PASSED] - Object: 'Object Repository/CHS_Pages_Checking Appointment is booked or Not_OR/Page_CURA Healthcare Service/button_Login' is clicked on

25-01-2024T21:46:15 - [TEST_STEP][PASSED] - selectOptionByValue(findTestObject("Object Repository/CHS_Pages_Checking Appointment is booked or Not_OR/Page_CURA Healthcare Service/select_Tokyo CURA Healthcare Center        _5b4107"), "Hongkong CURA Healthcare Center", true): All options with value 'Hongkong CURA Healthcare Center' are selected in object 'Object Repository/CHS_Pages_Checking Appointment is booked or Not_OR/Page_CURA Healthcare Service/select_Tokyo CURA Healthcare Center        _5b4107'  using regular expression

25-01-2024T21:46:16 - [MESSAGE][PASSED] - All options with value 'Hongkong CURA Healthcare Center' are selected in object 'Object Repository/CHS_Pages_Checking Appointment is booked or Not_OR/Page_CURA Healthcare Service/select_Tokyo CURA Healthcare Center        _5b4107'  using regular expression

25-01-2024T21:46:16 - [TEST_STEP][PASSED] - click(findTestObject("Object Repository/CHS_Pages_Checking Appointment is booked or Not_OR/Page_CURA Healthcare Service/input_hospital_readmission")): Object: 'Object Repository/CHS_Pages_Checking Appointment is booked or Not_OR/Page_CURA Healthcare Service/input_hospital_readmission' is clicked on

25-01-2024T21:46:16 - [MESSAGE][PASSED] - Object: 'Object Repository/CHS_Pages_Checking Appointment is booked or Not_OR/Page_CURA Healthcare Service/input_hospital_readmission' is clicked on

25-01-2024T21:46:16 - [TEST_STEP][PASSED] - click(findTestObject("Object Repository/CHS_Pages_Checking Appointment is booked or Not_OR/Page_CURA Healthcare Service/div_Medicare                               _cb3988")): Object: 'Object Repository/CHS_Pages_Checking Appointment is booked or Not_OR/Page_CURA Healthcare Service/div_Medicare                               _cb3988' is clicked on

25-01-2024T21:46:16 - [MESSAGE][PASSED] - Object: 'Object Repository/CHS_Pages_Checking Appointment is booked or Not_OR/Page_CURA Healthcare Service/div_Medicare                               _cb3988' is clicked on

25-01-2024T21:46:16 - [TEST_STEP][PASSED] - click(findTestObject("Object Repository/CHS_Pages_Checking Appointment is booked or Not_OR/Page_CURA Healthcare Service/label_Medicaid")): Object: 'Object Repository/CHS_Pages_Checking Appointment is booked or Not_OR/Page_CURA Healthcare Service/label_Medicaid' is clicked on

25-01-2024T21:46:17 - [MESSAGE][PASSED] - Object: 'Object Repository/CHS_Pages_Checking Appointment is booked or Not_OR/Page_CURA Healthcare Service/label_Medicaid' is clicked on

25-01-2024T21:46:17 - [TEST_STEP][PASSED] - click(findTestObject("Object Repository/CHS_Pages_Checking Appointment is booked or Not_OR/Page_CURA Healthcare Service/span_glyphicon glyphicon-calendar")): Object: 'Object Repository/CHS_Pages_Checking Appointment is booked or Not_OR/Page_CURA Healthcare Service/span_glyphicon glyphicon-calendar' is clicked on

25-01-2024T21:46:17 - [MESSAGE][PASSED] - Object: 'Object Repository/CHS_Pages_Checking Appointment is booked or Not_OR/Page_CURA Healthcare Service/span_glyphicon glyphicon-calendar' is clicked on

25-01-2024T21:46:17 - [TEST_STEP][PASSED] - click(findTestObject("Object Repository/CHS_Pages_Checking Appointment is booked or Not_OR/Page_CURA Healthcare Service/td_23")): Object: 'Object Repository/CHS_Pages_Checking Appointment is booked or Not_OR/Page_CURA Healthcare Service/td_23' is clicked on

25-01-2024T21:46:18 - [MESSAGE][PASSED] - Object: 'Object Repository/CHS_Pages_Checking Appointment is booked or Not_OR/Page_CURA Healthcare Service/td_23' is clicked on

25-01-2024T21:46:18 - [TEST_STEP][PASSED] - setText(findTestObject("Object Repository/CHS_Pages_Checking Appointment is booked or Not_OR/Page_CURA Healthcare Service/textarea_comment"), "Make Appointment"): Text 'Make Appointment' is set on object 'Object Repository/CHS_Pages_Checking Appointment is booked or Not_OR/Page_CURA Healthcare Service/textarea_comment'

25-01-2024T21:46:18 - [MESSAGE][PASSED] - Text 'Make Appointment' is set on object 'Object Repository/CHS_Pages_Checking Appointment is booked or Not_OR/Page_CURA Healthcare Service/textarea_comment'

25-01-2024T21:46:18 - [TEST_STEP][PASSED] - click(findTestObject("Object Repository/CHS_Pages_Checking Appointment is booked or Not_OR/Page_CURA Healthcare Service/button_Book Appointment")): Object: 'Object Repository/CHS_Pages_Checking Appointment is booked or Not_OR/Page_CURA Healthcare Service/button_Book Appointment' is clicked on

25-01-2024T21:46:20 - [MESSAGE][PASSED] - Object: 'Object Repository/CHS_Pages_Checking Appointment is booked or Not_OR/Page_CURA Healthcare Service/button_Book Appointment' is clicked on

25-01-2024T21:46:20 - [TEST_STEP][PASSED] - click(findTestObject("Object Repository/CHS_Pages_Checking Appointment is booked or Not_OR/Page_CURA Healthcare Service/a_Go to Homepage")): Object: 'Object Repository/CHS_Pages_Checking Appointment is booked or Not_OR/Page_CURA Healthcare Service/a_Go to Homepage' is clicked on

25-01-2024T21:46:20 - [MESSAGE][PASSED] - Object: 'Object Repository/CHS_Pages_Checking Appointment is booked or Not_OR/Page_CURA Healthcare Service/a_Go to Homepage' is clicked on

25-01-2024T21:46:20 - [TEST_STEP][PASSED] - click(findTestObject("Object Repository/CHS_Pages_Checking Appointment is booked or Not_OR/Page_CURA Healthcare Service/i_fa fa-bars")): Object: 'Object Repository/CHS_Pages_Checking Appointment is booked or Not_OR/Page_CURA Healthcare Service/i_fa fa-bars' is clicked on

25-01-2024T21:46:21 - [MESSAGE][PASSED] - Object: 'Object Repository/CHS_Pages_Checking Appointment is booked or Not_OR/Page_CURA Healthcare Service/i_fa fa-bars' is clicked on

25-01-2024T21:46:21 - [TEST_STEP][PASSED] - click(findTestObject("Object Repository/CHS_Pages_Checking Appointment is booked or Not_OR/Page_CURA Healthcare Service/a_History")): Object: 'Object Repository/CHS_Pages_Checking Appointment is booked or Not_OR/Page_CURA Healthcare Service/a_History' is clicked on

25-01-2024T21:46:21 - [MESSAGE][PASSED] - Object: 'Object Repository/CHS_Pages_Checking Appointment is booked or Not_OR/Page_CURA Healthcare Service/a_History' is clicked on]]></system-out>
         <system-err><![CDATA[]]></system-err>
      </testcase>
      <testcase name="Test Cases/Cura Health Care Services_Record and Playback Modes/TC_CHS_Home_Validate Account Logout_005" time="43.078" classname="Test Cases/Cura Health Care Services_Record and Playback Modes/TC_CHS_Home_Validate Account Logout_005" status="PASSED">
         <system-out><![CDATA[25-01-2024T21:46:21 - [TEST_CASE][PASSED] - Test Cases/Cura Health Care Services_Record and Playback Modes/TC_CHS_Home_Validate Account Logout_005: Test Cases/Cura Health Care Services_Record and Playback Modes/TC_CHS_Home_Validate Account Logout_005

25-01-2024T21:46:22 - [TEST_STEP][PASSED] - openBrowser(""): Browser is opened with url: ''

25-01-2024T21:46:22 - [MESSAGE][WARNING] - A browser is already opened. Closing browser and opening a new one

25-01-2024T21:46:25 - [MESSAGE][INFO] - Starting 'Chrome' driver

25-01-2024T21:46:25 - [MESSAGE][INFO] - Action delay is set to 0 milliseconds

25-01-2024T21:46:27 - [MESSAGE][PASSED] - Browser is opened with url: ''

25-01-2024T21:46:27 - [TEST_STEP][PASSED] - navigateToUrl("https://katalon-demo-cura.herokuapp.com/"): Navigate to 'https://katalon-demo-cura.herokuapp.com/' successfully

25-01-2024T21:46:42 - [MESSAGE][PASSED] - Navigate to 'https://katalon-demo-cura.herokuapp.com/' successfully

25-01-2024T21:46:42 - [TEST_STEP][PASSED] - click(findTestObject("Object Repository/CHS_Pages_Account Logout_OR/Page_CURA Healthcare Service/amenu-toggle")): Object: 'Object Repository/CHS_Pages_Account Logout_OR/Page_CURA Healthcare Service/amenu-toggle' is clicked on

25-01-2024T21:46:42 - [MESSAGE][PASSED] - Object: 'Object Repository/CHS_Pages_Account Logout_OR/Page_CURA Healthcare Service/amenu-toggle' is clicked on

25-01-2024T21:46:42 - [TEST_STEP][PASSED] - click(findTestObject("Object Repository/CHS_Pages_Account Logout_OR/Page_CURA Healthcare Service/a_Login")): Object: 'Object Repository/CHS_Pages_Account Logout_OR/Page_CURA Healthcare Service/a_Login' is clicked on

25-01-2024T21:46:43 - [MESSAGE][PASSED] - Object: 'Object Repository/CHS_Pages_Account Logout_OR/Page_CURA Healthcare Service/a_Login' is clicked on

25-01-2024T21:46:43 - [TEST_STEP][PASSED] - click(findTestObject("Object Repository/CHS_Pages_Account Logout_OR/Page_CURA Healthcare Service/input_form-control")): Object: 'Object Repository/CHS_Pages_Account Logout_OR/Page_CURA Healthcare Service/input_form-control' is clicked on

25-01-2024T21:46:44 - [MESSAGE][PASSED] - Object: 'Object Repository/CHS_Pages_Account Logout_OR/Page_CURA Healthcare Service/input_form-control' is clicked on

25-01-2024T21:46:44 - [TEST_STEP][PASSED] - setText(findTestObject("Object Repository/CHS_Pages_Account Logout_OR/Page_CURA Healthcare Service/input_username"), "John Doe"): Text 'John Doe' is set on object 'Object Repository/CHS_Pages_Account Logout_OR/Page_CURA Healthcare Service/input_username'

25-01-2024T21:46:45 - [MESSAGE][PASSED] - Text 'John Doe' is set on object 'Object Repository/CHS_Pages_Account Logout_OR/Page_CURA Healthcare Service/input_username'

25-01-2024T21:46:45 - [TEST_STEP][PASSED] - setEncryptedText(findTestObject("Object Repository/CHS_Pages_Account Logout_OR/Page_CURA Healthcare Service/input_password"), "g3/DOGG74jC3Flrr3yH+3D/yKbOqqUNM"): Text ****** has been set on object 'Object Repository/CHS_Pages_Account Logout_OR/Page_CURA Healthcare Service/input_password'

25-01-2024T21:46:45 - [MESSAGE][PASSED] - Text ****** has been set on object 'Object Repository/CHS_Pages_Account Logout_OR/Page_CURA Healthcare Service/input_password'

25-01-2024T21:46:45 - [TEST_STEP][PASSED] - click(findTestObject("Object Repository/CHS_Pages_Account Logout_OR/Page_CURA Healthcare Service/button_Login")): Object: 'Object Repository/CHS_Pages_Account Logout_OR/Page_CURA Healthcare Service/button_Login' is clicked on

25-01-2024T21:46:46 - [MESSAGE][PASSED] - Object: 'Object Repository/CHS_Pages_Account Logout_OR/Page_CURA Healthcare Service/button_Login' is clicked on

25-01-2024T21:46:46 - [TEST_STEP][PASSED] - selectOptionByValue(findTestObject("Object Repository/CHS_Pages_Account Logout_OR/Page_CURA Healthcare Service/select_Tokyo CURA Healthcare Center        _5b4107"), "Hongkong CURA Healthcare Center", true): All options with value 'Hongkong CURA Healthcare Center' are selected in object 'Object Repository/CHS_Pages_Account Logout_OR/Page_CURA Healthcare Service/select_Tokyo CURA Healthcare Center        _5b4107'  using regular expression

25-01-2024T21:46:47 - [MESSAGE][PASSED] - All options with value 'Hongkong CURA Healthcare Center' are selected in object 'Object Repository/CHS_Pages_Account Logout_OR/Page_CURA Healthcare Service/select_Tokyo CURA Healthcare Center        _5b4107'  using regular expression

25-01-2024T21:46:47 - [TEST_STEP][PASSED] - click(findTestObject("Object Repository/CHS_Pages_Account Logout_OR/Page_CURA Healthcare Service/input_hospital_readmission")): Object: 'Object Repository/CHS_Pages_Account Logout_OR/Page_CURA Healthcare Service/input_hospital_readmission' is clicked on

25-01-2024T21:46:48 - [MESSAGE][PASSED] - Object: 'Object Repository/CHS_Pages_Account Logout_OR/Page_CURA Healthcare Service/input_hospital_readmission' is clicked on

25-01-2024T21:46:48 - [TEST_STEP][PASSED] - click(findTestObject("Object Repository/CHS_Pages_Account Logout_OR/Page_CURA Healthcare Service/span_glyphicon glyphicon-calendar")): Object: 'Object Repository/CHS_Pages_Account Logout_OR/Page_CURA Healthcare Service/span_glyphicon glyphicon-calendar' is clicked on

25-01-2024T21:46:49 - [MESSAGE][PASSED] - Object: 'Object Repository/CHS_Pages_Account Logout_OR/Page_CURA Healthcare Service/span_glyphicon glyphicon-calendar' is clicked on

25-01-2024T21:46:49 - [TEST_STEP][PASSED] - click(findTestObject("Object Repository/CHS_Pages_Account Logout_OR/Page_CURA Healthcare Service/td_29")): Object: 'Object Repository/CHS_Pages_Account Logout_OR/Page_CURA Healthcare Service/td_29' is clicked on

25-01-2024T21:46:49 - [MESSAGE][PASSED] - Object: 'Object Repository/CHS_Pages_Account Logout_OR/Page_CURA Healthcare Service/td_29' is clicked on

25-01-2024T21:46:49 - [TEST_STEP][PASSED] - setText(findTestObject("Object Repository/CHS_Pages_Account Logout_OR/Page_CURA Healthcare Service/textarea_comment"), "Make Appointment"): Text 'Make Appointment' is set on object 'Object Repository/CHS_Pages_Account Logout_OR/Page_CURA Healthcare Service/textarea_comment'

25-01-2024T21:46:50 - [MESSAGE][PASSED] - Text 'Make Appointment' is set on object 'Object Repository/CHS_Pages_Account Logout_OR/Page_CURA Healthcare Service/textarea_comment'

25-01-2024T21:46:50 - [TEST_STEP][PASSED] - click(findTestObject("Object Repository/CHS_Pages_Account Logout_OR/Page_CURA Healthcare Service/button_Book Appointment")): Object: 'Object Repository/CHS_Pages_Account Logout_OR/Page_CURA Healthcare Service/button_Book Appointment' is clicked on

25-01-2024T21:46:53 - [MESSAGE][PASSED] - Object: 'Object Repository/CHS_Pages_Account Logout_OR/Page_CURA Healthcare Service/button_Book Appointment' is clicked on

25-01-2024T21:46:53 - [TEST_STEP][PASSED] - click(findTestObject("Object Repository/CHS_Pages_Account Logout_OR/Page_CURA Healthcare Service/a_Go to Homepage")): Object: 'Object Repository/CHS_Pages_Account Logout_OR/Page_CURA Healthcare Service/a_Go to Homepage' is clicked on

25-01-2024T21:46:53 - [MESSAGE][PASSED] - Object: 'Object Repository/CHS_Pages_Account Logout_OR/Page_CURA Healthcare Service/a_Go to Homepage' is clicked on

25-01-2024T21:46:53 - [TEST_STEP][PASSED] - click(findTestObject("Object Repository/CHS_Pages_Account Logout_OR/Page_CURA Healthcare Service/amenu-toggle")): Object: 'Object Repository/CHS_Pages_Account Logout_OR/Page_CURA Healthcare Service/amenu-toggle' is clicked on

25-01-2024T21:46:54 - [MESSAGE][PASSED] - Object: 'Object Repository/CHS_Pages_Account Logout_OR/Page_CURA Healthcare Service/amenu-toggle' is clicked on

25-01-2024T21:46:54 - [TEST_STEP][PASSED] - click(findTestObject("Object Repository/CHS_Pages_Account Logout_OR/Page_CURA Healthcare Service/a_History")): Object: 'Object Repository/CHS_Pages_Account Logout_OR/Page_CURA Healthcare Service/a_History' is clicked on

25-01-2024T21:46:55 - [MESSAGE][PASSED] - Object: 'Object Repository/CHS_Pages_Account Logout_OR/Page_CURA Healthcare Service/a_History' is clicked on

25-01-2024T21:46:55 - [TEST_STEP][PASSED] - click(findTestObject("Object Repository/CHS_Pages_Account Logout_OR/Page_CURA Healthcare Service/amenu-toggle")): Object: 'Object Repository/CHS_Pages_Account Logout_OR/Page_CURA Healthcare Service/amenu-toggle' is clicked on

25-01-2024T21:46:55 - [MESSAGE][PASSED] - Object: 'Object Repository/CHS_Pages_Account Logout_OR/Page_CURA Healthcare Service/amenu-toggle' is clicked on

25-01-2024T21:46:55 - [TEST_STEP][PASSED] - click(findTestObject("Object Repository/CHS_Pages_Account Logout_OR/Page_CURA Healthcare Service/a_Logout")): Object: 'Object Repository/CHS_Pages_Account Logout_OR/Page_CURA Healthcare Service/a_Logout' is clicked on

25-01-2024T21:46:56 - [MESSAGE][PASSED] - Object: 'Object Repository/CHS_Pages_Account Logout_OR/Page_CURA Healthcare Service/a_Logout' is clicked on

25-01-2024T21:46:56 - [TEST_STEP][PASSED] - closeBrowser(): Browser is closed

25-01-2024T21:47:05 - [MESSAGE][PASSED] - Browser is closed]]></system-out>
         <system-err><![CDATA[]]></system-err>
      </testcase>
      <system-out><![CDATA[25-01-2024T21:44:10 - [TEST_SUITE][PASSED] - CHS_Record and Playback_Mode_001: Test Cases/Cura Health Care Services_Record and Playback Modes/TC_CHS_Home_Validate Account Logout_005]]></system-out>
      <system-err><![CDATA[]]></system-err>
   </testsuite>
</testsuites>
