<?xml version="1.0" encoding="UTF-8"?>
<testsuites name="CHS_Record and Playback_Test Suite Collection_001" time="185.931" tests="5" failures="0" errors="0">
   <testsuite name="CHS_Record and Playback_Mode_001" tests="5" failures="0" errors="0" time="166.467" skipped="0" timestamp="27-01-2024T09:51:11" hostname="modep - LAPTOP-FMBJHFG0" id="Test Suites/Record and Playback_Suite/CHS_Record and Playback_Mode_001">
      <properties>
         <property name="deviceName" value=""/>
         <property name="devicePlatform" value=""/>
         <property name="logFolder" value="C:\\Users\\modep\\Katalon Studio\\Software Automation Testing with Katalon_1\\Reports\\20240127_095050\\Record and Playback_Suite\\CHS_Record and Playback_Mode_001\\20240127_095053"/>
         <property name="logFiles" value="C:\\Users\\modep\\Katalon Studio\\Software Automation Testing with Katalon_1\\Reports\\20240127_095050\\Record and Playback_Suite\\CHS_Record and Playback_Mode_001\\20240127_095053\\execution0.log"/>
         <property name="attachments" value=""/>
         <property name="hostName" value="modep - LAPTOP-FMBJHFG0"/>
         <property name="os" value="Windows 11 64bit"/>
         <property name="katalonVersion" value="9.2.0.212"/>
         <property name="browser" value="Edge Chromium 120"/>
         <property name="hostAddress" value="192.168.0.105"/>
         <property name="sessionId" value="1f4252c7c88e1d0f207b081a96845209"/>
         <property name="seleniumVersion" value="3.141.59"/>
         <property name="proxyInformation" value="ProxyInformation { proxyOption=NO_PROXY, proxyServerType=HTTP, username=, password=********, proxyServerAddress=, proxyServerPort=0, executionList=&quot;&quot;, isApplyToDesiredCapabilities=true }"/>
         <property name="platform" value="Windows 11"/>
      </properties>
      <testcase name="Test Cases/Cura Health Care Services_Record and Playback Modes/TC_CHS_Home_Validate Creating Account_001" time="28.726" classname="Test Cases/Cura Health Care Services_Record and Playback Modes/TC_CHS_Home_Validate Creating Account_001" status="PASSED">
         <system-out><![CDATA[27-01-2024T09:51:16 - [TEST_CASE][PASSED] - Test Cases/Cura Health Care Services_Record and Playback Modes/TC_CHS_Home_Validate Creating Account_001: Test Cases/Cura Health Care Services_Record and Playback Modes/TC_CHS_Home_Validate Creating Account_001

27-01-2024T09:51:17 - [TEST_STEP][PASSED] - openBrowser(""): Browser is opened with url: ''

27-01-2024T09:51:17 - [MESSAGE][INFO] - Starting 'Edge Chromium' driver

27-01-2024T09:51:19 - [MESSAGE][INFO] - Action delay is set to 0 milliseconds

27-01-2024T09:51:28 - [MESSAGE][PASSED] - Browser is opened with url: ''

27-01-2024T09:51:28 - [TEST_STEP][PASSED] - navigateToUrl("https://katalon-demo-cura.herokuapp.com/"): Navigate to 'https://katalon-demo-cura.herokuapp.com/' successfully

27-01-2024T09:51:39 - [MESSAGE][PASSED] - Navigate to 'https://katalon-demo-cura.herokuapp.com/' successfully

27-01-2024T09:51:39 - [TEST_STEP][PASSED] - click(findTestObject("Object Repository/CHS_Pages_Create Account_OR/Page_CURA Healthcare Service/i_fa fa-bars")): Object: 'Object Repository/CHS_Pages_Create Account_OR/Page_CURA Healthcare Service/i_fa fa-bars' is clicked on

27-01-2024T09:51:39 - [MESSAGE][PASSED] - Object: 'Object Repository/CHS_Pages_Create Account_OR/Page_CURA Healthcare Service/i_fa fa-bars' is clicked on

27-01-2024T09:51:39 - [TEST_STEP][PASSED] - click(findTestObject("Object Repository/CHS_Pages_Create Account_OR/Page_CURA Healthcare Service/a_Login")): Object: 'Object Repository/CHS_Pages_Create Account_OR/Page_CURA Healthcare Service/a_Login' is clicked on

27-01-2024T09:51:41 - [MESSAGE][PASSED] - Object: 'Object Repository/CHS_Pages_Create Account_OR/Page_CURA Healthcare Service/a_Login' is clicked on

27-01-2024T09:51:41 - [TEST_STEP][PASSED] - click(findTestObject("Object Repository/CHS_Pages_Create Account_OR/Page_CURA Healthcare Service/input_form-control")): Object: 'Object Repository/CHS_Pages_Create Account_OR/Page_CURA Healthcare Service/input_form-control' is clicked on

27-01-2024T09:51:41 - [MESSAGE][PASSED] - Object: 'Object Repository/CHS_Pages_Create Account_OR/Page_CURA Healthcare Service/input_form-control' is clicked on

27-01-2024T09:51:41 - [TEST_STEP][PASSED] - setText(findTestObject("Object Repository/CHS_Pages_Create Account_OR/Page_CURA Healthcare Service/input_username"), "John Doe"): Text 'John Doe' is set on object 'Object Repository/CHS_Pages_Create Account_OR/Page_CURA Healthcare Service/input_username'

27-01-2024T09:51:42 - [MESSAGE][PASSED] - Text 'John Doe' is set on object 'Object Repository/CHS_Pages_Create Account_OR/Page_CURA Healthcare Service/input_username'

27-01-2024T09:51:42 - [TEST_STEP][PASSED] - setEncryptedText(findTestObject("Object Repository/CHS_Pages_Create Account_OR/Page_CURA Healthcare Service/input_password"), "g3/DOGG74jC3Flrr3yH+3D/yKbOqqUNM"): Text ****** has been set on object 'Object Repository/CHS_Pages_Create Account_OR/Page_CURA Healthcare Service/input_password'

27-01-2024T09:51:43 - [MESSAGE][PASSED] - Text ****** has been set on object 'Object Repository/CHS_Pages_Create Account_OR/Page_CURA Healthcare Service/input_password'

27-01-2024T09:51:43 - [TEST_STEP][PASSED] - click(findTestObject("Object Repository/CHS_Pages_Create Account_OR/Page_CURA Healthcare Service/button_Login")): Object: 'Object Repository/CHS_Pages_Create Account_OR/Page_CURA Healthcare Service/button_Login' is clicked on

27-01-2024T09:51:44 - [MESSAGE][PASSED] - Object: 'Object Repository/CHS_Pages_Create Account_OR/Page_CURA Healthcare Service/button_Login' is clicked on]]></system-out>
         <system-err><![CDATA[]]></system-err>
      </testcase>
      <testcase name="Test Cases/Cura Health Care Services_Record and Playback Modes/TC_CHS_HOME_Validate Take an Appointment_002" time="27.975" classname="Test Cases/Cura Health Care Services_Record and Playback Modes/TC_CHS_HOME_Validate Take an Appointment_002" status="PASSED">
         <system-out><![CDATA[27-01-2024T09:51:44 - [TEST_CASE][PASSED] - Test Cases/Cura Health Care Services_Record and Playback Modes/TC_CHS_HOME_Validate Take an Appointment_002: Test Cases/Cura Health Care Services_Record and Playback Modes/TC_CHS_HOME_Validate Take an Appointment_002

27-01-2024T09:51:47 - [TEST_STEP][PASSED] - openBrowser(""): Browser is opened with url: ''

27-01-2024T09:51:47 - [MESSAGE][WARNING] - A browser is already opened. Closing browser and opening a new one

27-01-2024T09:51:48 - [MESSAGE][INFO] - Starting 'Edge Chromium' driver

27-01-2024T09:51:49 - [MESSAGE][INFO] - Action delay is set to 0 milliseconds

27-01-2024T09:51:52 - [MESSAGE][PASSED] - Browser is opened with url: ''

27-01-2024T09:51:52 - [TEST_STEP][PASSED] - navigateToUrl("https://katalon-demo-cura.herokuapp.com/"): Navigate to 'https://katalon-demo-cura.herokuapp.com/' successfully

27-01-2024T09:52:01 - [MESSAGE][PASSED] - Navigate to 'https://katalon-demo-cura.herokuapp.com/' successfully

27-01-2024T09:52:01 - [TEST_STEP][PASSED] - click(findTestObject("Object Repository/CHS_Pages_Take Appointment_OR/i_fa fa-bars")): Object: 'Object Repository/CHS_Pages_Take Appointment_OR/i_fa fa-bars' is clicked on

27-01-2024T09:52:01 - [MESSAGE][PASSED] - Object: 'Object Repository/CHS_Pages_Take Appointment_OR/i_fa fa-bars' is clicked on

27-01-2024T09:52:02 - [TEST_STEP][PASSED] - click(findTestObject("Object Repository/CHS_Pages_Take Appointment_OR/a_Login")): Object: 'Object Repository/CHS_Pages_Take Appointment_OR/a_Login' is clicked on

27-01-2024T09:52:03 - [MESSAGE][PASSED] - Object: 'Object Repository/CHS_Pages_Take Appointment_OR/a_Login' is clicked on

27-01-2024T09:52:03 - [TEST_STEP][PASSED] - click(findTestObject("Object Repository/CHS_Pages_Take Appointment_OR/input_form-control")): Object: 'Object Repository/CHS_Pages_Take Appointment_OR/input_form-control' is clicked on

27-01-2024T09:52:03 - [MESSAGE][PASSED] - Object: 'Object Repository/CHS_Pages_Take Appointment_OR/input_form-control' is clicked on

27-01-2024T09:52:04 - [TEST_STEP][PASSED] - setText(findTestObject("Object Repository/CHS_Pages_Take Appointment_OR/input_username"), "John Doe"): Text 'John Doe' is set on object 'Object Repository/CHS_Pages_Take Appointment_OR/input_username'

27-01-2024T09:52:05 - [MESSAGE][PASSED] - Text 'John Doe' is set on object 'Object Repository/CHS_Pages_Take Appointment_OR/input_username'

27-01-2024T09:52:05 - [TEST_STEP][PASSED] - setEncryptedText(findTestObject("Object Repository/CHS_Pages_Take Appointment_OR/input_password"), "g3/DOGG74jC3Flrr3yH+3D/yKbOqqUNM"): Text ****** has been set on object 'Object Repository/CHS_Pages_Take Appointment_OR/input_password'

27-01-2024T09:52:05 - [MESSAGE][PASSED] - Text ****** has been set on object 'Object Repository/CHS_Pages_Take Appointment_OR/input_password'

27-01-2024T09:52:05 - [TEST_STEP][PASSED] - click(findTestObject("Object Repository/CHS_Pages_Take Appointment_OR/button_Login")): Object: 'Object Repository/CHS_Pages_Take Appointment_OR/button_Login' is clicked on

27-01-2024T09:52:07 - [MESSAGE][PASSED] - Object: 'Object Repository/CHS_Pages_Take Appointment_OR/button_Login' is clicked on

27-01-2024T09:52:07 - [TEST_STEP][PASSED] - selectOptionByValue(findTestObject("Object Repository/CHS_Pages_Take Appointment_OR/select_Tokyo CURA Healthcare Center        _5b4107"), "Seoul CURA Healthcare Center", true): All options with value 'Seoul CURA Healthcare Center' are selected in object 'Object Repository/CHS_Pages_Take Appointment_OR/select_Tokyo CURA Healthcare Center        _5b4107'  using regular expression

27-01-2024T09:52:08 - [MESSAGE][PASSED] - All options with value 'Seoul CURA Healthcare Center' are selected in object 'Object Repository/CHS_Pages_Take Appointment_OR/select_Tokyo CURA Healthcare Center        _5b4107'  using regular expression

27-01-2024T09:52:08 - [TEST_STEP][PASSED] - click(findTestObject("Object Repository/CHS_Pages_Take Appointment_OR/label_Medicaid")): Object: 'Object Repository/CHS_Pages_Take Appointment_OR/label_Medicaid' is clicked on

27-01-2024T09:52:09 - [MESSAGE][PASSED] - Object: 'Object Repository/CHS_Pages_Take Appointment_OR/label_Medicaid' is clicked on

27-01-2024T09:52:09 - [TEST_STEP][PASSED] - click(findTestObject("Object Repository/CHS_Pages_Take Appointment_OR/span_glyphicon glyphicon-calendar")): Object: 'Object Repository/CHS_Pages_Take Appointment_OR/span_glyphicon glyphicon-calendar' is clicked on

27-01-2024T09:52:10 - [MESSAGE][PASSED] - Object: 'Object Repository/CHS_Pages_Take Appointment_OR/span_glyphicon glyphicon-calendar' is clicked on

27-01-2024T09:52:10 - [TEST_STEP][PASSED] - click(findTestObject("Object Repository/CHS_Pages_Take Appointment_OR/td_31")): Object: 'Object Repository/CHS_Pages_Take Appointment_OR/td_31' is clicked on

27-01-2024T09:52:10 - [MESSAGE][PASSED] - Object: 'Object Repository/CHS_Pages_Take Appointment_OR/td_31' is clicked on

27-01-2024T09:52:10 - [TEST_STEP][PASSED] - setText(findTestObject("Object Repository/CHS_Pages_Take Appointment_OR/textarea_comment"), "Make an Appointment"): Text 'Make an Appointment' is set on object 'Object Repository/CHS_Pages_Take Appointment_OR/textarea_comment'

27-01-2024T09:52:11 - [MESSAGE][PASSED] - Text 'Make an Appointment' is set on object 'Object Repository/CHS_Pages_Take Appointment_OR/textarea_comment'

27-01-2024T09:52:11 - [TEST_STEP][PASSED] - click(findTestObject("Object Repository/CHS_Pages_Take Appointment_OR/button_Book Appointment")): Object: 'Object Repository/CHS_Pages_Take Appointment_OR/button_Book Appointment' is clicked on

27-01-2024T09:52:12 - [MESSAGE][PASSED] - Object: 'Object Repository/CHS_Pages_Take Appointment_OR/button_Book Appointment' is clicked on]]></system-out>
         <system-err><![CDATA[]]></system-err>
      </testcase>
      <testcase name="Test Cases/Cura Health Care Services_Record and Playback Modes/TC_CHS_HomeValidate Multiple Appointsments_003" time="41.167" classname="Test Cases/Cura Health Care Services_Record and Playback Modes/TC_CHS_HomeValidate Multiple Appointsments_003" status="PASSED">
         <system-out><![CDATA[27-01-2024T09:52:12 - [TEST_CASE][PASSED] - Test Cases/Cura Health Care Services_Record and Playback Modes/TC_CHS_HomeValidate Multiple Appointsments_003: Test Cases/Cura Health Care Services_Record and Playback Modes/TC_CHS_HomeValidate Multiple Appointsments_003

27-01-2024T09:52:13 - [TEST_STEP][PASSED] - openBrowser(""): Browser is opened with url: ''

27-01-2024T09:52:13 - [MESSAGE][WARNING] - A browser is already opened. Closing browser and opening a new one

27-01-2024T09:52:14 - [MESSAGE][INFO] - Starting 'Edge Chromium' driver

27-01-2024T09:52:14 - [MESSAGE][INFO] - Action delay is set to 0 milliseconds

27-01-2024T09:52:15 - [MESSAGE][PASSED] - Browser is opened with url: ''

27-01-2024T09:52:15 - [TEST_STEP][PASSED] - navigateToUrl("https://katalon-demo-cura.herokuapp.com/"): Navigate to 'https://katalon-demo-cura.herokuapp.com/' successfully

27-01-2024T09:52:23 - [MESSAGE][PASSED] - Navigate to 'https://katalon-demo-cura.herokuapp.com/' successfully

27-01-2024T09:52:23 - [TEST_STEP][PASSED] - click(findTestObject("Object Repository/CHS_Pages_Multiple Appointments/Page_CURA Healthcare Service/i_fa fa-bars")): Object: 'Object Repository/CHS_Pages_Multiple Appointments/Page_CURA Healthcare Service/i_fa fa-bars' is clicked on

27-01-2024T09:52:24 - [MESSAGE][PASSED] - Object: 'Object Repository/CHS_Pages_Multiple Appointments/Page_CURA Healthcare Service/i_fa fa-bars' is clicked on

27-01-2024T09:52:24 - [TEST_STEP][PASSED] - click(findTestObject("Object Repository/CHS_Pages_Multiple Appointments/Page_CURA Healthcare Service/a_Login")): Object: 'Object Repository/CHS_Pages_Multiple Appointments/Page_CURA Healthcare Service/a_Login' is clicked on

27-01-2024T09:52:25 - [MESSAGE][PASSED] - Object: 'Object Repository/CHS_Pages_Multiple Appointments/Page_CURA Healthcare Service/a_Login' is clicked on

27-01-2024T09:52:25 - [TEST_STEP][PASSED] - click(findTestObject("Object Repository/CHS_Pages_Multiple Appointments/Page_CURA Healthcare Service/input_form-control")): Object: 'Object Repository/CHS_Pages_Multiple Appointments/Page_CURA Healthcare Service/input_form-control' is clicked on

27-01-2024T09:52:26 - [MESSAGE][PASSED] - Object: 'Object Repository/CHS_Pages_Multiple Appointments/Page_CURA Healthcare Service/input_form-control' is clicked on

27-01-2024T09:52:26 - [TEST_STEP][PASSED] - setText(findTestObject("Object Repository/CHS_Pages_Multiple Appointments/Page_CURA Healthcare Service/input_username"), "John Doe"): Text 'John Doe' is set on object 'Object Repository/CHS_Pages_Multiple Appointments/Page_CURA Healthcare Service/input_username'

27-01-2024T09:52:27 - [MESSAGE][PASSED] - Text 'John Doe' is set on object 'Object Repository/CHS_Pages_Multiple Appointments/Page_CURA Healthcare Service/input_username'

27-01-2024T09:52:27 - [TEST_STEP][PASSED] - click(findTestObject("Object Repository/CHS_Pages_Multiple Appointments/Page_CURA Healthcare Service/input_form-control_1")): Object: 'Object Repository/CHS_Pages_Multiple Appointments/Page_CURA Healthcare Service/input_form-control_1' is clicked on

27-01-2024T09:52:28 - [MESSAGE][PASSED] - Object: 'Object Repository/CHS_Pages_Multiple Appointments/Page_CURA Healthcare Service/input_form-control_1' is clicked on

27-01-2024T09:52:28 - [TEST_STEP][PASSED] - setEncryptedText(findTestObject("Object Repository/CHS_Pages_Multiple Appointments/Page_CURA Healthcare Service/input_password"), "g3/DOGG74jC3Flrr3yH+3D/yKbOqqUNM"): Text ****** has been set on object 'Object Repository/CHS_Pages_Multiple Appointments/Page_CURA Healthcare Service/input_password'

27-01-2024T09:52:29 - [MESSAGE][PASSED] - Text ****** has been set on object 'Object Repository/CHS_Pages_Multiple Appointments/Page_CURA Healthcare Service/input_password'

27-01-2024T09:52:29 - [TEST_STEP][PASSED] - click(findTestObject("Object Repository/CHS_Pages_Multiple Appointments/Page_CURA Healthcare Service/button_Login")): Object: 'Object Repository/CHS_Pages_Multiple Appointments/Page_CURA Healthcare Service/button_Login' is clicked on

27-01-2024T09:52:30 - [MESSAGE][PASSED] - Object: 'Object Repository/CHS_Pages_Multiple Appointments/Page_CURA Healthcare Service/button_Login' is clicked on

27-01-2024T09:52:30 - [TEST_STEP][PASSED] - selectOptionByValue(findTestObject("Object Repository/CHS_Pages_Multiple Appointments/Page_CURA Healthcare Service/select_Tokyo CURA Healthcare Center        _5b4107"), "Hongkong CURA Healthcare Center", true): All options with value 'Hongkong CURA Healthcare Center' are selected in object 'Object Repository/CHS_Pages_Multiple Appointments/Page_CURA Healthcare Service/select_Tokyo CURA Healthcare Center        _5b4107'  using regular expression

27-01-2024T09:52:32 - [MESSAGE][PASSED] - All options with value 'Hongkong CURA Healthcare Center' are selected in object 'Object Repository/CHS_Pages_Multiple Appointments/Page_CURA Healthcare Service/select_Tokyo CURA Healthcare Center        _5b4107'  using regular expression

27-01-2024T09:52:32 - [TEST_STEP][PASSED] - click(findTestObject("Object Repository/CHS_Pages_Multiple Appointments/Page_CURA Healthcare Service/label_Apply for hospital readmission")): Object: 'Object Repository/CHS_Pages_Multiple Appointments/Page_CURA Healthcare Service/label_Apply for hospital readmission' is clicked on

27-01-2024T09:52:32 - [MESSAGE][PASSED] - Object: 'Object Repository/CHS_Pages_Multiple Appointments/Page_CURA Healthcare Service/label_Apply for hospital readmission' is clicked on

27-01-2024T09:52:32 - [TEST_STEP][PASSED] - click(findTestObject("Object Repository/CHS_Pages_Multiple Appointments/Page_CURA Healthcare Service/label_Medicaid")): Object: 'Object Repository/CHS_Pages_Multiple Appointments/Page_CURA Healthcare Service/label_Medicaid' is clicked on

27-01-2024T09:52:33 - [MESSAGE][PASSED] - Object: 'Object Repository/CHS_Pages_Multiple Appointments/Page_CURA Healthcare Service/label_Medicaid' is clicked on

27-01-2024T09:52:33 - [TEST_STEP][PASSED] - click(findTestObject("Object Repository/CHS_Pages_Multiple Appointments/Page_CURA Healthcare Service/input_visit_date")): Object: 'Object Repository/CHS_Pages_Multiple Appointments/Page_CURA Healthcare Service/input_visit_date' is clicked on

27-01-2024T09:52:34 - [MESSAGE][PASSED] - Object: 'Object Repository/CHS_Pages_Multiple Appointments/Page_CURA Healthcare Service/input_visit_date' is clicked on

27-01-2024T09:52:34 - [TEST_STEP][PASSED] - click(findTestObject("Object Repository/CHS_Pages_Multiple Appointments/Page_CURA Healthcare Service/td_24")): Object: 'Object Repository/CHS_Pages_Multiple Appointments/Page_CURA Healthcare Service/td_24' is clicked on

27-01-2024T09:52:34 - [MESSAGE][PASSED] - Object: 'Object Repository/CHS_Pages_Multiple Appointments/Page_CURA Healthcare Service/td_24' is clicked on

27-01-2024T09:52:34 - [TEST_STEP][PASSED] - setText(findTestObject("Object Repository/CHS_Pages_Multiple Appointments/Page_CURA Healthcare Service/textarea_comment"), "Take an Appointment"): Text 'Take an Appointment' is set on object 'Object Repository/CHS_Pages_Multiple Appointments/Page_CURA Healthcare Service/textarea_comment'

27-01-2024T09:52:36 - [MESSAGE][PASSED] - Text 'Take an Appointment' is set on object 'Object Repository/CHS_Pages_Multiple Appointments/Page_CURA Healthcare Service/textarea_comment'

27-01-2024T09:52:36 - [TEST_STEP][PASSED] - click(findTestObject("Object Repository/CHS_Pages_Multiple Appointments/Page_CURA Healthcare Service/button_Book Appointment")): Object: 'Object Repository/CHS_Pages_Multiple Appointments/Page_CURA Healthcare Service/button_Book Appointment' is clicked on

27-01-2024T09:52:37 - [MESSAGE][PASSED] - Object: 'Object Repository/CHS_Pages_Multiple Appointments/Page_CURA Healthcare Service/button_Book Appointment' is clicked on

27-01-2024T09:52:37 - [TEST_STEP][PASSED] - click(findTestObject("Object Repository/CHS_Pages_Multiple Appointments/Page_CURA Healthcare Service/a_Go to Homepage")): Object: 'Object Repository/CHS_Pages_Multiple Appointments/Page_CURA Healthcare Service/a_Go to Homepage' is clicked on

27-01-2024T09:52:38 - [MESSAGE][PASSED] - Object: 'Object Repository/CHS_Pages_Multiple Appointments/Page_CURA Healthcare Service/a_Go to Homepage' is clicked on

27-01-2024T09:52:38 - [TEST_STEP][PASSED] - click(findTestObject("Object Repository/CHS_Pages_Multiple Appointments/Page_CURA Healthcare Service/a_Make Appointment")): Object: 'Object Repository/CHS_Pages_Multiple Appointments/Page_CURA Healthcare Service/a_Make Appointment' is clicked on

27-01-2024T09:52:38 - [MESSAGE][PASSED] - Object: 'Object Repository/CHS_Pages_Multiple Appointments/Page_CURA Healthcare Service/a_Make Appointment' is clicked on

27-01-2024T09:52:38 - [TEST_STEP][PASSED] - click(findTestObject("Object Repository/CHS_Pages_Multiple Appointments/Page_CURA Healthcare Service/label_Apply for hospital readmission")): Object: 'Object Repository/CHS_Pages_Multiple Appointments/Page_CURA Healthcare Service/label_Apply for hospital readmission' is clicked on

27-01-2024T09:52:39 - [MESSAGE][PASSED] - Object: 'Object Repository/CHS_Pages_Multiple Appointments/Page_CURA Healthcare Service/label_Apply for hospital readmission' is clicked on

27-01-2024T09:52:39 - [TEST_STEP][PASSED] - click(findTestObject("Object Repository/CHS_Pages_Multiple Appointments/Page_CURA Healthcare Service/input_programs")): Object: 'Object Repository/CHS_Pages_Multiple Appointments/Page_CURA Healthcare Service/input_programs' is clicked on

27-01-2024T09:52:39 - [MESSAGE][PASSED] - Object: 'Object Repository/CHS_Pages_Multiple Appointments/Page_CURA Healthcare Service/input_programs' is clicked on

27-01-2024T09:52:39 - [TEST_STEP][PASSED] - click(findTestObject("Object Repository/CHS_Pages_Multiple Appointments/Page_CURA Healthcare Service/label_Medicare")): Object: 'Object Repository/CHS_Pages_Multiple Appointments/Page_CURA Healthcare Service/label_Medicare' is clicked on

27-01-2024T09:52:40 - [MESSAGE][PASSED] - Object: 'Object Repository/CHS_Pages_Multiple Appointments/Page_CURA Healthcare Service/label_Medicare' is clicked on

27-01-2024T09:52:40 - [TEST_STEP][PASSED] - click(findTestObject("Object Repository/CHS_Pages_Multiple Appointments/Page_CURA Healthcare Service/input_visit_date")): Object: 'Object Repository/CHS_Pages_Multiple Appointments/Page_CURA Healthcare Service/input_visit_date' is clicked on

27-01-2024T09:52:41 - [MESSAGE][PASSED] - Object: 'Object Repository/CHS_Pages_Multiple Appointments/Page_CURA Healthcare Service/input_visit_date' is clicked on

27-01-2024T09:52:41 - [TEST_STEP][PASSED] - click(findTestObject("Object Repository/CHS_Pages_Multiple Appointments/Page_CURA Healthcare Service/td_25")): Object: 'Object Repository/CHS_Pages_Multiple Appointments/Page_CURA Healthcare Service/td_25' is clicked on

27-01-2024T09:52:41 - [MESSAGE][PASSED] - Object: 'Object Repository/CHS_Pages_Multiple Appointments/Page_CURA Healthcare Service/td_25' is clicked on

27-01-2024T09:52:41 - [TEST_STEP][PASSED] - setText(findTestObject("Object Repository/CHS_Pages_Multiple Appointments/Page_CURA Healthcare Service/textarea_comment"), "Take an 2nd Appointment"): Text 'Take an 2nd Appointment' is set on object 'Object Repository/CHS_Pages_Multiple Appointments/Page_CURA Healthcare Service/textarea_comment'

27-01-2024T09:52:42 - [MESSAGE][PASSED] - Text 'Take an 2nd Appointment' is set on object 'Object Repository/CHS_Pages_Multiple Appointments/Page_CURA Healthcare Service/textarea_comment'

27-01-2024T09:52:42 - [TEST_STEP][PASSED] - click(findTestObject("Object Repository/CHS_Pages_Multiple Appointments/Page_CURA Healthcare Service/button_Book Appointment")): Object: 'Object Repository/CHS_Pages_Multiple Appointments/Page_CURA Healthcare Service/button_Book Appointment' is clicked on

27-01-2024T09:52:43 - [MESSAGE][PASSED] - Object: 'Object Repository/CHS_Pages_Multiple Appointments/Page_CURA Healthcare Service/button_Book Appointment' is clicked on

27-01-2024T09:52:43 - [TEST_STEP][PASSED] - click(findTestObject("Object Repository/CHS_Pages_Multiple Appointments/Page_CURA Healthcare Service/a_Go to Homepage")): Object: 'Object Repository/CHS_Pages_Multiple Appointments/Page_CURA Healthcare Service/a_Go to Homepage' is clicked on

27-01-2024T09:52:44 - [MESSAGE][PASSED] - Object: 'Object Repository/CHS_Pages_Multiple Appointments/Page_CURA Healthcare Service/a_Go to Homepage' is clicked on

27-01-2024T09:52:44 - [TEST_STEP][PASSED] - click(findTestObject("Object Repository/CHS_Pages_Multiple Appointments/Page_CURA Healthcare Service/a_Make Appointment")): Object: 'Object Repository/CHS_Pages_Multiple Appointments/Page_CURA Healthcare Service/a_Make Appointment' is clicked on

27-01-2024T09:52:45 - [MESSAGE][PASSED] - Object: 'Object Repository/CHS_Pages_Multiple Appointments/Page_CURA Healthcare Service/a_Make Appointment' is clicked on

27-01-2024T09:52:45 - [TEST_STEP][PASSED] - selectOptionByValue(findTestObject("Object Repository/CHS_Pages_Multiple Appointments/Page_CURA Healthcare Service/select_Tokyo CURA Healthcare Center        _5b4107"), "Seoul CURA Healthcare Center", true): All options with value 'Seoul CURA Healthcare Center' are selected in object 'Object Repository/CHS_Pages_Multiple Appointments/Page_CURA Healthcare Service/select_Tokyo CURA Healthcare Center        _5b4107'  using regular expression

27-01-2024T09:52:47 - [MESSAGE][PASSED] - All options with value 'Seoul CURA Healthcare Center' are selected in object 'Object Repository/CHS_Pages_Multiple Appointments/Page_CURA Healthcare Service/select_Tokyo CURA Healthcare Center        _5b4107'  using regular expression

27-01-2024T09:52:47 - [TEST_STEP][PASSED] - click(findTestObject("Object Repository/CHS_Pages_Multiple Appointments/Page_CURA Healthcare Service/label_Apply for hospital readmission")): Object: 'Object Repository/CHS_Pages_Multiple Appointments/Page_CURA Healthcare Service/label_Apply for hospital readmission' is clicked on

27-01-2024T09:52:47 - [MESSAGE][PASSED] - Object: 'Object Repository/CHS_Pages_Multiple Appointments/Page_CURA Healthcare Service/label_Apply for hospital readmission' is clicked on

27-01-2024T09:52:47 - [TEST_STEP][PASSED] - click(findTestObject("Object Repository/CHS_Pages_Multiple Appointments/Page_CURA Healthcare Service/input_programs_1")): Object: 'Object Repository/CHS_Pages_Multiple Appointments/Page_CURA Healthcare Service/input_programs_1' is clicked on

27-01-2024T09:52:48 - [MESSAGE][PASSED] - Object: 'Object Repository/CHS_Pages_Multiple Appointments/Page_CURA Healthcare Service/input_programs_1' is clicked on

27-01-2024T09:52:48 - [TEST_STEP][PASSED] - click(findTestObject("Object Repository/CHS_Pages_Multiple Appointments/Page_CURA Healthcare Service/input_visit_date")): Object: 'Object Repository/CHS_Pages_Multiple Appointments/Page_CURA Healthcare Service/input_visit_date' is clicked on

27-01-2024T09:52:49 - [MESSAGE][PASSED] - Object: 'Object Repository/CHS_Pages_Multiple Appointments/Page_CURA Healthcare Service/input_visit_date' is clicked on

27-01-2024T09:52:49 - [TEST_STEP][PASSED] - click(findTestObject("Object Repository/CHS_Pages_Multiple Appointments/Page_CURA Healthcare Service/td_31")): Object: 'Object Repository/CHS_Pages_Multiple Appointments/Page_CURA Healthcare Service/td_31' is clicked on

27-01-2024T09:52:49 - [MESSAGE][PASSED] - Object: 'Object Repository/CHS_Pages_Multiple Appointments/Page_CURA Healthcare Service/td_31' is clicked on

27-01-2024T09:52:49 - [TEST_STEP][PASSED] - setText(findTestObject("Object Repository/CHS_Pages_Multiple Appointments/Page_CURA Healthcare Service/textarea_comment"), "Take Multiple Appointments"): Text 'Take Multiple Appointments' is set on object 'Object Repository/CHS_Pages_Multiple Appointments/Page_CURA Healthcare Service/textarea_comment'

27-01-2024T09:52:51 - [MESSAGE][PASSED] - Text 'Take Multiple Appointments' is set on object 'Object Repository/CHS_Pages_Multiple Appointments/Page_CURA Healthcare Service/textarea_comment'

27-01-2024T09:52:51 - [TEST_STEP][PASSED] - click(findTestObject("Object Repository/CHS_Pages_Multiple Appointments/Page_CURA Healthcare Service/button_Book Appointment")): Object: 'Object Repository/CHS_Pages_Multiple Appointments/Page_CURA Healthcare Service/button_Book Appointment' is clicked on

27-01-2024T09:52:52 - [MESSAGE][PASSED] - Object: 'Object Repository/CHS_Pages_Multiple Appointments/Page_CURA Healthcare Service/button_Book Appointment' is clicked on

27-01-2024T09:52:52 - [TEST_STEP][PASSED] - click(findTestObject("Object Repository/CHS_Pages_Multiple Appointments/Page_CURA Healthcare Service/amenu-toggle")): Object: 'Object Repository/CHS_Pages_Multiple Appointments/Page_CURA Healthcare Service/amenu-toggle' is clicked on

27-01-2024T09:52:52 - [MESSAGE][PASSED] - Object: 'Object Repository/CHS_Pages_Multiple Appointments/Page_CURA Healthcare Service/amenu-toggle' is clicked on

27-01-2024T09:52:52 - [TEST_STEP][PASSED] - click(findTestObject("Object Repository/CHS_Pages_Multiple Appointments/Page_CURA Healthcare Service/a_History")): Object: 'Object Repository/CHS_Pages_Multiple Appointments/Page_CURA Healthcare Service/a_History' is clicked on

27-01-2024T09:52:54 - [MESSAGE][PASSED] - Object: 'Object Repository/CHS_Pages_Multiple Appointments/Page_CURA Healthcare Service/a_History' is clicked on]]></system-out>
         <system-err><![CDATA[]]></system-err>
      </testcase>
      <testcase name="Test Cases/Cura Health Care Services_Record and Playback Modes/TC_CHS_Home_Validate Checking the Appointment is Booked or Not_004" time="31.332" classname="Test Cases/Cura Health Care Services_Record and Playback Modes/TC_CHS_Home_Validate Checking the Appointment is Booked or Not_004" status="PASSED">
         <system-out><![CDATA[27-01-2024T09:52:54 - [TEST_CASE][PASSED] - Test Cases/Cura Health Care Services_Record and Playback Modes/TC_CHS_Home_Validate Checking the Appointment is Booked or Not_004: Test Cases/Cura Health Care Services_Record and Playback Modes/TC_CHS_Home_Validate Checking the Appointment is Booked or Not_004

27-01-2024T09:52:54 - [TEST_STEP][PASSED] - openBrowser(""): Browser is opened with url: ''

27-01-2024T09:52:54 - [MESSAGE][WARNING] - A browser is already opened. Closing browser and opening a new one

27-01-2024T09:52:54 - [MESSAGE][INFO] - Starting 'Edge Chromium' driver

27-01-2024T09:52:55 - [MESSAGE][INFO] - Action delay is set to 0 milliseconds

27-01-2024T09:52:57 - [MESSAGE][PASSED] - Browser is opened with url: ''

27-01-2024T09:52:57 - [TEST_STEP][PASSED] - navigateToUrl("https://katalon-demo-cura.herokuapp.com/"): Navigate to 'https://katalon-demo-cura.herokuapp.com/' successfully

27-01-2024T09:53:10 - [MESSAGE][PASSED] - Navigate to 'https://katalon-demo-cura.herokuapp.com/' successfully

27-01-2024T09:53:10 - [TEST_STEP][PASSED] - click(findTestObject("Object Repository/CHS_Pages_Checking Appointment is booked or Not_OR/Page_CURA Healthcare Service/i_fa fa-bars")): Object: 'Object Repository/CHS_Pages_Checking Appointment is booked or Not_OR/Page_CURA Healthcare Service/i_fa fa-bars' is clicked on

27-01-2024T09:53:10 - [MESSAGE][PASSED] - Object: 'Object Repository/CHS_Pages_Checking Appointment is booked or Not_OR/Page_CURA Healthcare Service/i_fa fa-bars' is clicked on

27-01-2024T09:53:10 - [TEST_STEP][PASSED] - click(findTestObject("Object Repository/CHS_Pages_Checking Appointment is booked or Not_OR/Page_CURA Healthcare Service/a_Login")): Object: 'Object Repository/CHS_Pages_Checking Appointment is booked or Not_OR/Page_CURA Healthcare Service/a_Login' is clicked on

27-01-2024T09:53:12 - [MESSAGE][PASSED] - Object: 'Object Repository/CHS_Pages_Checking Appointment is booked or Not_OR/Page_CURA Healthcare Service/a_Login' is clicked on

27-01-2024T09:53:12 - [TEST_STEP][PASSED] - click(findTestObject("Object Repository/CHS_Pages_Checking Appointment is booked or Not_OR/Page_CURA Healthcare Service/input_form-control")): Object: 'Object Repository/CHS_Pages_Checking Appointment is booked or Not_OR/Page_CURA Healthcare Service/input_form-control' is clicked on

27-01-2024T09:53:12 - [MESSAGE][PASSED] - Object: 'Object Repository/CHS_Pages_Checking Appointment is booked or Not_OR/Page_CURA Healthcare Service/input_form-control' is clicked on

27-01-2024T09:53:12 - [TEST_STEP][PASSED] - click(findTestObject("Object Repository/CHS_Pages_Checking Appointment is booked or Not_OR/Page_CURA Healthcare Service/input_form-control")): Object: 'Object Repository/CHS_Pages_Checking Appointment is booked or Not_OR/Page_CURA Healthcare Service/input_form-control' is clicked on

27-01-2024T09:53:13 - [MESSAGE][PASSED] - Object: 'Object Repository/CHS_Pages_Checking Appointment is booked or Not_OR/Page_CURA Healthcare Service/input_form-control' is clicked on

27-01-2024T09:53:13 - [TEST_STEP][PASSED] - setText(findTestObject("Object Repository/CHS_Pages_Checking Appointment is booked or Not_OR/Page_CURA Healthcare Service/input_username"), "John Doe"): Text 'John Doe' is set on object 'Object Repository/CHS_Pages_Checking Appointment is booked or Not_OR/Page_CURA Healthcare Service/input_username'

27-01-2024T09:53:14 - [MESSAGE][PASSED] - Text 'John Doe' is set on object 'Object Repository/CHS_Pages_Checking Appointment is booked or Not_OR/Page_CURA Healthcare Service/input_username'

27-01-2024T09:53:14 - [TEST_STEP][PASSED] - setEncryptedText(findTestObject("Object Repository/CHS_Pages_Checking Appointment is booked or Not_OR/Page_CURA Healthcare Service/input_password"), "g3/DOGG74jC3Flrr3yH+3D/yKbOqqUNM"): Text ****** has been set on object 'Object Repository/CHS_Pages_Checking Appointment is booked or Not_OR/Page_CURA Healthcare Service/input_password'

27-01-2024T09:53:14 - [MESSAGE][PASSED] - Text ****** has been set on object 'Object Repository/CHS_Pages_Checking Appointment is booked or Not_OR/Page_CURA Healthcare Service/input_password'

27-01-2024T09:53:14 - [TEST_STEP][PASSED] - click(findTestObject("Object Repository/CHS_Pages_Checking Appointment is booked or Not_OR/Page_CURA Healthcare Service/button_Login")): Object: 'Object Repository/CHS_Pages_Checking Appointment is booked or Not_OR/Page_CURA Healthcare Service/button_Login' is clicked on

27-01-2024T09:53:16 - [MESSAGE][PASSED] - Object: 'Object Repository/CHS_Pages_Checking Appointment is booked or Not_OR/Page_CURA Healthcare Service/button_Login' is clicked on

27-01-2024T09:53:16 - [TEST_STEP][PASSED] - selectOptionByValue(findTestObject("Object Repository/CHS_Pages_Checking Appointment is booked or Not_OR/Page_CURA Healthcare Service/select_Tokyo CURA Healthcare Center        _5b4107"), "Hongkong CURA Healthcare Center", true): All options with value 'Hongkong CURA Healthcare Center' are selected in object 'Object Repository/CHS_Pages_Checking Appointment is booked or Not_OR/Page_CURA Healthcare Service/select_Tokyo CURA Healthcare Center        _5b4107'  using regular expression

27-01-2024T09:53:17 - [MESSAGE][PASSED] - All options with value 'Hongkong CURA Healthcare Center' are selected in object 'Object Repository/CHS_Pages_Checking Appointment is booked or Not_OR/Page_CURA Healthcare Service/select_Tokyo CURA Healthcare Center        _5b4107'  using regular expression

27-01-2024T09:53:17 - [TEST_STEP][PASSED] - click(findTestObject("Object Repository/CHS_Pages_Checking Appointment is booked or Not_OR/Page_CURA Healthcare Service/input_hospital_readmission")): Object: 'Object Repository/CHS_Pages_Checking Appointment is booked or Not_OR/Page_CURA Healthcare Service/input_hospital_readmission' is clicked on

27-01-2024T09:53:18 - [MESSAGE][PASSED] - Object: 'Object Repository/CHS_Pages_Checking Appointment is booked or Not_OR/Page_CURA Healthcare Service/input_hospital_readmission' is clicked on

27-01-2024T09:53:18 - [TEST_STEP][PASSED] - click(findTestObject("Object Repository/CHS_Pages_Checking Appointment is booked or Not_OR/Page_CURA Healthcare Service/div_Medicare                               _cb3988")): Object: 'Object Repository/CHS_Pages_Checking Appointment is booked or Not_OR/Page_CURA Healthcare Service/div_Medicare                               _cb3988' is clicked on

27-01-2024T09:53:18 - [MESSAGE][PASSED] - Object: 'Object Repository/CHS_Pages_Checking Appointment is booked or Not_OR/Page_CURA Healthcare Service/div_Medicare                               _cb3988' is clicked on

27-01-2024T09:53:18 - [TEST_STEP][PASSED] - click(findTestObject("Object Repository/CHS_Pages_Checking Appointment is booked or Not_OR/Page_CURA Healthcare Service/label_Medicaid")): Object: 'Object Repository/CHS_Pages_Checking Appointment is booked or Not_OR/Page_CURA Healthcare Service/label_Medicaid' is clicked on

27-01-2024T09:53:19 - [MESSAGE][PASSED] - Object: 'Object Repository/CHS_Pages_Checking Appointment is booked or Not_OR/Page_CURA Healthcare Service/label_Medicaid' is clicked on

27-01-2024T09:53:19 - [TEST_STEP][PASSED] - click(findTestObject("Object Repository/CHS_Pages_Checking Appointment is booked or Not_OR/Page_CURA Healthcare Service/span_glyphicon glyphicon-calendar")): Object: 'Object Repository/CHS_Pages_Checking Appointment is booked or Not_OR/Page_CURA Healthcare Service/span_glyphicon glyphicon-calendar' is clicked on

27-01-2024T09:53:19 - [MESSAGE][PASSED] - Object: 'Object Repository/CHS_Pages_Checking Appointment is booked or Not_OR/Page_CURA Healthcare Service/span_glyphicon glyphicon-calendar' is clicked on

27-01-2024T09:53:19 - [TEST_STEP][PASSED] - click(findTestObject("Object Repository/CHS_Pages_Checking Appointment is booked or Not_OR/Page_CURA Healthcare Service/td_23")): Object: 'Object Repository/CHS_Pages_Checking Appointment is booked or Not_OR/Page_CURA Healthcare Service/td_23' is clicked on

27-01-2024T09:53:20 - [MESSAGE][PASSED] - Object: 'Object Repository/CHS_Pages_Checking Appointment is booked or Not_OR/Page_CURA Healthcare Service/td_23' is clicked on

27-01-2024T09:53:20 - [TEST_STEP][PASSED] - setText(findTestObject("Object Repository/CHS_Pages_Checking Appointment is booked or Not_OR/Page_CURA Healthcare Service/textarea_comment"), "Make Appointment"): Text 'Make Appointment' is set on object 'Object Repository/CHS_Pages_Checking Appointment is booked or Not_OR/Page_CURA Healthcare Service/textarea_comment'

27-01-2024T09:53:21 - [MESSAGE][PASSED] - Text 'Make Appointment' is set on object 'Object Repository/CHS_Pages_Checking Appointment is booked or Not_OR/Page_CURA Healthcare Service/textarea_comment'

27-01-2024T09:53:21 - [TEST_STEP][PASSED] - click(findTestObject("Object Repository/CHS_Pages_Checking Appointment is booked or Not_OR/Page_CURA Healthcare Service/button_Book Appointment")): Object: 'Object Repository/CHS_Pages_Checking Appointment is booked or Not_OR/Page_CURA Healthcare Service/button_Book Appointment' is clicked on

27-01-2024T09:53:22 - [MESSAGE][PASSED] - Object: 'Object Repository/CHS_Pages_Checking Appointment is booked or Not_OR/Page_CURA Healthcare Service/button_Book Appointment' is clicked on

27-01-2024T09:53:22 - [TEST_STEP][PASSED] - click(findTestObject("Object Repository/CHS_Pages_Checking Appointment is booked or Not_OR/Page_CURA Healthcare Service/a_Go to Homepage")): Object: 'Object Repository/CHS_Pages_Checking Appointment is booked or Not_OR/Page_CURA Healthcare Service/a_Go to Homepage' is clicked on

27-01-2024T09:53:23 - [MESSAGE][PASSED] - Object: 'Object Repository/CHS_Pages_Checking Appointment is booked or Not_OR/Page_CURA Healthcare Service/a_Go to Homepage' is clicked on

27-01-2024T09:53:23 - [TEST_STEP][PASSED] - click(findTestObject("Object Repository/CHS_Pages_Checking Appointment is booked or Not_OR/Page_CURA Healthcare Service/i_fa fa-bars")): Object: 'Object Repository/CHS_Pages_Checking Appointment is booked or Not_OR/Page_CURA Healthcare Service/i_fa fa-bars' is clicked on

27-01-2024T09:53:24 - [MESSAGE][PASSED] - Object: 'Object Repository/CHS_Pages_Checking Appointment is booked or Not_OR/Page_CURA Healthcare Service/i_fa fa-bars' is clicked on

27-01-2024T09:53:24 - [TEST_STEP][PASSED] - click(findTestObject("Object Repository/CHS_Pages_Checking Appointment is booked or Not_OR/Page_CURA Healthcare Service/a_History")): Object: 'Object Repository/CHS_Pages_Checking Appointment is booked or Not_OR/Page_CURA Healthcare Service/a_History' is clicked on

27-01-2024T09:53:25 - [MESSAGE][PASSED] - Object: 'Object Repository/CHS_Pages_Checking Appointment is booked or Not_OR/Page_CURA Healthcare Service/a_History' is clicked on]]></system-out>
         <system-err><![CDATA[]]></system-err>
      </testcase>
      <testcase name="Test Cases/Cura Health Care Services_Record and Playback Modes/TC_CHS_Home_Validate Account Logout_005" time="32.252" classname="Test Cases/Cura Health Care Services_Record and Playback Modes/TC_CHS_Home_Validate Account Logout_005" status="PASSED">
         <system-out><![CDATA[27-01-2024T09:53:25 - [TEST_CASE][PASSED] - Test Cases/Cura Health Care Services_Record and Playback Modes/TC_CHS_Home_Validate Account Logout_005: Test Cases/Cura Health Care Services_Record and Playback Modes/TC_CHS_Home_Validate Account Logout_005

27-01-2024T09:53:25 - [TEST_STEP][PASSED] - openBrowser(""): Browser is opened with url: ''

27-01-2024T09:53:25 - [MESSAGE][WARNING] - A browser is already opened. Closing browser and opening a new one

27-01-2024T09:53:26 - [MESSAGE][INFO] - Starting 'Edge Chromium' driver

27-01-2024T09:53:26 - [MESSAGE][INFO] - Action delay is set to 0 milliseconds

27-01-2024T09:53:28 - [MESSAGE][PASSED] - Browser is opened with url: ''

27-01-2024T09:53:28 - [TEST_STEP][PASSED] - navigateToUrl("https://katalon-demo-cura.herokuapp.com/"): Navigate to 'https://katalon-demo-cura.herokuapp.com/' successfully

27-01-2024T09:53:36 - [MESSAGE][PASSED] - Navigate to 'https://katalon-demo-cura.herokuapp.com/' successfully

27-01-2024T09:53:36 - [TEST_STEP][PASSED] - click(findTestObject("Object Repository/CHS_Pages_Account Logout_OR/Page_CURA Healthcare Service/amenu-toggle")): Object: 'Object Repository/CHS_Pages_Account Logout_OR/Page_CURA Healthcare Service/amenu-toggle' is clicked on

27-01-2024T09:53:36 - [MESSAGE][PASSED] - Object: 'Object Repository/CHS_Pages_Account Logout_OR/Page_CURA Healthcare Service/amenu-toggle' is clicked on

27-01-2024T09:53:36 - [TEST_STEP][PASSED] - click(findTestObject("Object Repository/CHS_Pages_Account Logout_OR/Page_CURA Healthcare Service/a_Login")): Object: 'Object Repository/CHS_Pages_Account Logout_OR/Page_CURA Healthcare Service/a_Login' is clicked on

27-01-2024T09:53:38 - [MESSAGE][PASSED] - Object: 'Object Repository/CHS_Pages_Account Logout_OR/Page_CURA Healthcare Service/a_Login' is clicked on

27-01-2024T09:53:38 - [TEST_STEP][PASSED] - click(findTestObject("Object Repository/CHS_Pages_Account Logout_OR/Page_CURA Healthcare Service/input_form-control")): Object: 'Object Repository/CHS_Pages_Account Logout_OR/Page_CURA Healthcare Service/input_form-control' is clicked on

27-01-2024T09:53:39 - [MESSAGE][PASSED] - Object: 'Object Repository/CHS_Pages_Account Logout_OR/Page_CURA Healthcare Service/input_form-control' is clicked on

27-01-2024T09:53:39 - [TEST_STEP][PASSED] - setText(findTestObject("Object Repository/CHS_Pages_Account Logout_OR/Page_CURA Healthcare Service/input_username"), "John Doe"): Text 'John Doe' is set on object 'Object Repository/CHS_Pages_Account Logout_OR/Page_CURA Healthcare Service/input_username'

27-01-2024T09:53:40 - [MESSAGE][PASSED] - Text 'John Doe' is set on object 'Object Repository/CHS_Pages_Account Logout_OR/Page_CURA Healthcare Service/input_username'

27-01-2024T09:53:40 - [TEST_STEP][PASSED] - setEncryptedText(findTestObject("Object Repository/CHS_Pages_Account Logout_OR/Page_CURA Healthcare Service/input_password"), "g3/DOGG74jC3Flrr3yH+3D/yKbOqqUNM"): Text ****** has been set on object 'Object Repository/CHS_Pages_Account Logout_OR/Page_CURA Healthcare Service/input_password'

27-01-2024T09:53:41 - [MESSAGE][PASSED] - Text ****** has been set on object 'Object Repository/CHS_Pages_Account Logout_OR/Page_CURA Healthcare Service/input_password'

27-01-2024T09:53:41 - [TEST_STEP][PASSED] - click(findTestObject("Object Repository/CHS_Pages_Account Logout_OR/Page_CURA Healthcare Service/button_Login")): Object: 'Object Repository/CHS_Pages_Account Logout_OR/Page_CURA Healthcare Service/button_Login' is clicked on

27-01-2024T09:53:42 - [MESSAGE][PASSED] - Object: 'Object Repository/CHS_Pages_Account Logout_OR/Page_CURA Healthcare Service/button_Login' is clicked on

27-01-2024T09:53:42 - [TEST_STEP][PASSED] - selectOptionByValue(findTestObject("Object Repository/CHS_Pages_Account Logout_OR/Page_CURA Healthcare Service/select_Tokyo CURA Healthcare Center        _5b4107"), "Hongkong CURA Healthcare Center", true): All options with value 'Hongkong CURA Healthcare Center' are selected in object 'Object Repository/CHS_Pages_Account Logout_OR/Page_CURA Healthcare Service/select_Tokyo CURA Healthcare Center        _5b4107'  using regular expression

27-01-2024T09:53:43 - [MESSAGE][PASSED] - All options with value 'Hongkong CURA Healthcare Center' are selected in object 'Object Repository/CHS_Pages_Account Logout_OR/Page_CURA Healthcare Service/select_Tokyo CURA Healthcare Center        _5b4107'  using regular expression

27-01-2024T09:53:43 - [TEST_STEP][PASSED] - click(findTestObject("Object Repository/CHS_Pages_Account Logout_OR/Page_CURA Healthcare Service/input_hospital_readmission")): Object: 'Object Repository/CHS_Pages_Account Logout_OR/Page_CURA Healthcare Service/input_hospital_readmission' is clicked on

27-01-2024T09:53:44 - [MESSAGE][PASSED] - Object: 'Object Repository/CHS_Pages_Account Logout_OR/Page_CURA Healthcare Service/input_hospital_readmission' is clicked on

27-01-2024T09:53:44 - [TEST_STEP][PASSED] - click(findTestObject("Object Repository/CHS_Pages_Account Logout_OR/Page_CURA Healthcare Service/span_glyphicon glyphicon-calendar")): Object: 'Object Repository/CHS_Pages_Account Logout_OR/Page_CURA Healthcare Service/span_glyphicon glyphicon-calendar' is clicked on

27-01-2024T09:53:45 - [MESSAGE][PASSED] - Object: 'Object Repository/CHS_Pages_Account Logout_OR/Page_CURA Healthcare Service/span_glyphicon glyphicon-calendar' is clicked on

27-01-2024T09:53:45 - [TEST_STEP][PASSED] - click(findTestObject("Object Repository/CHS_Pages_Account Logout_OR/Page_CURA Healthcare Service/td_29")): Object: 'Object Repository/CHS_Pages_Account Logout_OR/Page_CURA Healthcare Service/td_29' is clicked on

27-01-2024T09:53:45 - [MESSAGE][PASSED] - Object: 'Object Repository/CHS_Pages_Account Logout_OR/Page_CURA Healthcare Service/td_29' is clicked on

27-01-2024T09:53:45 - [TEST_STEP][PASSED] - setText(findTestObject("Object Repository/CHS_Pages_Account Logout_OR/Page_CURA Healthcare Service/textarea_comment"), "Make Appointment"): Text 'Make Appointment' is set on object 'Object Repository/CHS_Pages_Account Logout_OR/Page_CURA Healthcare Service/textarea_comment'

27-01-2024T09:53:46 - [MESSAGE][PASSED] - Text 'Make Appointment' is set on object 'Object Repository/CHS_Pages_Account Logout_OR/Page_CURA Healthcare Service/textarea_comment'

27-01-2024T09:53:49 - [TEST_STEP][PASSED] - click(findTestObject("Object Repository/CHS_Pages_Account Logout_OR/Page_CURA Healthcare Service/button_Book Appointment")): Object: 'Object Repository/CHS_Pages_Account Logout_OR/Page_CURA Healthcare Service/button_Book Appointment' is clicked on

27-01-2024T09:53:50 - [MESSAGE][PASSED] - Object: 'Object Repository/CHS_Pages_Account Logout_OR/Page_CURA Healthcare Service/button_Book Appointment' is clicked on

27-01-2024T09:53:50 - [TEST_STEP][PASSED] - click(findTestObject("Object Repository/CHS_Pages_Account Logout_OR/Page_CURA Healthcare Service/a_Go to Homepage")): Object: 'Object Repository/CHS_Pages_Account Logout_OR/Page_CURA Healthcare Service/a_Go to Homepage' is clicked on

27-01-2024T09:53:51 - [MESSAGE][PASSED] - Object: 'Object Repository/CHS_Pages_Account Logout_OR/Page_CURA Healthcare Service/a_Go to Homepage' is clicked on

27-01-2024T09:53:51 - [TEST_STEP][PASSED] - click(findTestObject("Object Repository/CHS_Pages_Account Logout_OR/Page_CURA Healthcare Service/amenu-toggle")): Object: 'Object Repository/CHS_Pages_Account Logout_OR/Page_CURA Healthcare Service/amenu-toggle' is clicked on

27-01-2024T09:53:52 - [MESSAGE][PASSED] - Object: 'Object Repository/CHS_Pages_Account Logout_OR/Page_CURA Healthcare Service/amenu-toggle' is clicked on

27-01-2024T09:53:52 - [TEST_STEP][PASSED] - click(findTestObject("Object Repository/CHS_Pages_Account Logout_OR/Page_CURA Healthcare Service/a_History")): Object: 'Object Repository/CHS_Pages_Account Logout_OR/Page_CURA Healthcare Service/a_History' is clicked on

27-01-2024T09:53:53 - [MESSAGE][PASSED] - Object: 'Object Repository/CHS_Pages_Account Logout_OR/Page_CURA Healthcare Service/a_History' is clicked on

27-01-2024T09:53:53 - [TEST_STEP][PASSED] - click(findTestObject("Object Repository/CHS_Pages_Account Logout_OR/Page_CURA Healthcare Service/amenu-toggle")): Object: 'Object Repository/CHS_Pages_Account Logout_OR/Page_CURA Healthcare Service/amenu-toggle' is clicked on

27-01-2024T09:53:53 - [MESSAGE][PASSED] - Object: 'Object Repository/CHS_Pages_Account Logout_OR/Page_CURA Healthcare Service/amenu-toggle' is clicked on

27-01-2024T09:53:55 - [TEST_STEP][PASSED] - click(findTestObject("Object Repository/CHS_Pages_Account Logout_OR/Page_CURA Healthcare Service/a_Logout")): Object: 'Object Repository/CHS_Pages_Account Logout_OR/Page_CURA Healthcare Service/a_Logout' is clicked on

27-01-2024T09:53:57 - [MESSAGE][PASSED] - Object: 'Object Repository/CHS_Pages_Account Logout_OR/Page_CURA Healthcare Service/a_Logout' is clicked on

27-01-2024T09:53:57 - [TEST_STEP][PASSED] - closeBrowser(): Browser is closed

27-01-2024T09:53:57 - [MESSAGE][PASSED] - Browser is closed]]></system-out>
         <system-err><![CDATA[]]></system-err>
      </testcase>
      <system-out><![CDATA[27-01-2024T09:51:11 - [TEST_SUITE][PASSED] - CHS_Record and Playback_Mode_001: Test Cases/Cura Health Care Services_Record and Playback Modes/TC_CHS_Home_Validate Account Logout_005]]></system-out>
      <system-err><![CDATA[]]></system-err>
   </testsuite>
</testsuites>
